#
# A fatal error has been detected by the Java Runtime Environment:
#
#  EXCEPTION_ACCESS_VIOLATION (0xc0000005) at pc=0x00007ff8d733cac8, pid=14792, tid=9112
#
# JRE version: OpenJDK Runtime Environment Temurin-17.0.12+7 (17.0.12+7) (build 17.0.12+7)
# Java VM: OpenJDK 64-Bit Server VM Temurin-17.0.12+7 (17.0.12+7, mixed mode, tiered, compressed oops, compressed class ptrs, parallel gc, windows-amd64)
# Problematic frame:
# V  [jvm.dll+0xcac8]
#
# No core dump will be written. Minidumps are not enabled by default on client versions of Windows
#
# If you would like to submit a bug report, please visit:
#   https://github.com/adoptium/adoptium-support/issues
#

---------------  S U M M A R Y ------------

Command Line: --add-modules=ALL-SYSTEM --add-opens=java.base/java.util=ALL-UNNAMED --add-opens=java.base/java.lang=ALL-UNNAMED --add-opens=java.base/sun.nio.fs=ALL-UNNAMED -Declipse.application=org.eclipse.jdt.ls.core.id1 -Dosgi.bundles.defaultStartLevel=4 -Declipse.product=org.eclipse.jdt.ls.core.product -Djava.import.generatesMetadataFilesAtProjectRoot=false -DDetectVMInstallationsJob.disabled=true -Dfile.encoding=utf8 -XX:+UseParallelGC -XX:GCTimeRatio=4 -XX:AdaptiveSizePolicyWeight=90 -Dsun.zip.disableMemoryMapping=true -Xmx1G -Xms100m -Xlog:disable -javaagent:c:\Users\computer care\.vscode\extensions\redhat.java-1.34.0-win32-x64\lombok\lombok-1.18.33.jar -XX:+HeapDumpOnOutOfMemoryError -XX:HeapDumpPath=c:\Users\computer care\AppData\Roaming\Code\User\workspaceStorage\7844d89879a66ceccbbd28a4b3e85d32\redhat.java -Daether.dependencyCollector.impl=bf c:\Users\computer care\.vscode\extensions\redhat.java-1.34.0-win32-x64\server\plugins\org.eclipse.equinox.launcher_1.6.900.v20240613-2009.jar -configuration c:\Users\computer care\AppData\Roaming\Code\User\globalStorage\redhat.java\1.34.0\config_win -data c:\Users\computer care\AppData\Roaming\Code\User\workspaceStorage\7844d89879a66ceccbbd28a4b3e85d32\redhat.java\jdt_ws --pipe=\\.\pipe\lsp-dc2466afdaf424d43b758a140d5b3726-sock

Host: Intel(R) Core(TM) i5-10210U CPU @ 1.60GHz, 8 cores, 3G,  Windows 11 , 64 bit Build 22621 (10.0.22621.3958)
Time: Thu Sep 12 16:29:01 2024 India Standard Time elapsed time: 1035.662403 seconds (0d 0h 17m 15s)

---------------  T H R E A D  ---------------

Current thread (0x0000022d5e1254f0):  GCTaskThread "GC Thread#2" [stack: 0x000000e2dc300000,0x000000e2dc400000] [id=9112]

Stack: [0x000000e2dc300000,0x000000e2dc400000],  sp=0x000000e2dc3ff8e8,  free space=1022k
Native frames: (J=compiled Java code, j=interpreted, Vv=VM code, C=native code)
V  [jvm.dll+0xcac8]


siginfo: EXCEPTION_ACCESS_VIOLATION (0xc0000005), reading address 0x000000062627ab88


Registers:
RAX=0x0000000000000001, RBX=0x00000000c4c4f2f8, RCX=0x0000000000000003, RDX=0x00000000c4c4f2f8
RSP=0x000000e2dc3ff8e8, RBP=0x0000022d43c48740, RSI=0x0000000000000009, RDI=0x00000000d4c4f08c
R8 =0x000000062627ab80, R9 =0x0000000000002e29, R10=0x00000000d4c4f460, R11=0x0000000000000298
R12=0x000000e2db5fed68, R13=0x0000000000000010, R14=0x00000000d4c4f0a0, R15=0x0000000000000000
RIP=0x00007ff8d733cac8, EFLAGS=0x0000000000010202


Register to memory mapping:

RIP=0x00007ff8d733cac8 jvm.dll
RAX=0x0000000000000001 is an unknown value
RBX=0x00000000c4c4f2f8 is pointing into object: [Ljava.lang.Object; 
{0x00000000c4c4f2b0} - klass: 'java/lang/Object'[]
 - length: 33
RCX=0x0000000000000003 is an unknown value
RDX=0x00000000c4c4f2f8 is pointing into object: [Ljava.lang.Object; 
{0x00000000c4c4f2b0} - klass: 'java/lang/Object'[]
 - length: 33
RSP=0x000000e2dc3ff8e8 points into unknown readable memory: 0x00007ff8d79e3368 | 68 33 9e d7 f8 7f 00 00
RBP=0x0000022d43c48740 points into unknown readable memory: 0x0000022d57923ca0 | a0 3c 92 57 2d 02 00 00
RSI=0x0000000000000009 is an unknown value
RDI=0x00000000d4c4f08c is pointing into object: [Lorg.eclipse.jdt.internal.compiler.classfmt.MethodInfo; 
{0x00000000d4c4efd0} - klass: 'org/eclipse/jdt/internal/compiler/classfmt/MethodInfo'[]
 - length: 48
R8 =0x000000062627ab80 is an unknown value
R9 =0x0000000000002e29 is an unknown value
R10=0x00000000d4c4f460 is an oop: org.eclipse.jdt.internal.compiler.classfmt.MethodInfo 
{0x00000000d4c4f460} - klass: 'org/eclipse/jdt/internal/compiler/classfmt/MethodInfo'
 - ---- fields (total size 9 words):
 - 'structOffset' 'I' @12  39684 (9b04)
 - 'reference' '[B' @16  [B{0x00000000cb51ef48} (cb51ef48)
 - 'constantPoolOffsets' '[I' @20  [I{0x00000000d3c74438} (d3c74438)
 - protected 'tagBits' 'J' @24  0 (0 0)
 - protected 'version' 'J' @32  4325376 (420000 0)
 - protected 'accessFlags' 'I' @40  -1 (ffffffff)
 - protected 'attributeBytes' 'I' @44  69 (45)
 - protected 'signatureUtf8Offset' 'I' @48  -12236 (ffffd034)
 - protected 'descriptor' '[C' @52  NULL (0)
 - protected volatile 'exceptionNames' '[[C' @56  NULL (0)
 - protected 'name' '[C' @60  [C{0x00000000d43994a0} (d43994a0)
 - protected 'signature' '[C' @64  [C{0x00000000d4c4f4a8} (d4c4f4a8)
 - protected volatile 'argumentNames' '[[C' @68  a {type array char}[0] {0x00000000c0a4bb00} (c0a4bb00)
R11=0x0000000000000298 is an unknown value
R12=0x000000e2db5fed68 points into unknown readable memory: 0x00007ff800000008 | 08 00 00 00 f8 7f 00 00
R13=0x0000000000000010 is an unknown value
R14=0x00000000d4c4f0a0 is an oop: org.eclipse.jdt.internal.compiler.classfmt.MethodInfo 
{0x00000000d4c4f0a0} - klass: 'org/eclipse/jdt/internal/compiler/classfmt/MethodInfo'
 - ---- fields (total size 9 words):
 - 'structOffset' 'I' @12  40864 (9fa0)
 - 'reference' '[B' @16  [B{0x00000000cb51ef48} (cb51ef48)
 - 'constantPoolOffsets' '[I' @20  [I{0x00000000d3c74438} (d3c74438)
 - protected 'tagBits' 'J' @24  0 (0 0)
 - protected 'version' 'J' @32  4325376 (420000 0)
 - protected 'accessFlags' 'I' @40  -1 (ffffffff)
 - protected 'attributeBytes' 'I' @44  48 (30)
 - protected 'signatureUtf8Offset' 'I' @48  -1 (ffffffff)
 - protected 'descriptor' '[C' @52  [C{0x00000000d3c624e8} (d3c624e8)
 - protected volatile 'exceptionNames' '[[C' @56  NULL (0)
 - protected 'name' '[C' @60  [C{0x00000000d3c62500} (d3c62500)
 - protected 'signature' '[C' @64  NULL (0)
 - protected volatile 'argumentNames' '[[C' @68  a {type array char}[0] {0x00000000c0a4bb00} (c0a4bb00)
R15=0x0 is NULL


Top of Stack: (sp=0x000000e2dc3ff8e8)
0x000000e2dc3ff8e8:   00007ff8d79e3368 00000000d4c4f460
0x000000e2dc3ff8f8:   00000000d4c4f070 0000000000000000
0x000000e2dc3ff908:   00007ff8d7e64810 00007ff8d7e64810
0x000000e2dc3ff918:   00007ff8d79e36a3 0000022d43c48740
0x000000e2dc3ff928:   00007ff8d7c4eb80 00007ff8d7ce43d8
0x000000e2dc3ff938:   0000000000002e1e 0000000000000000
0x000000e2dc3ff948:   0000000100000000 0000000100041de8
0x000000e2dc3ff958:   00007ff8d79e1e2e 00000000c8ddbcb4
0x000000e2dc3ff968:   00007ff8d79e339e 00007ff8d7c4eb80
0x000000e2dc3ff978:   0000022d43bb4690 0000000000000003
0x000000e2dc3ff988:   0000022d43c48740 0000000000000000
0x000000e2dc3ff998:   0000000000000000 0000000000000000
0x000000e2dc3ff9a8:   00000000d8c3da88 00000000d8c3da88
0x000000e2dc3ff9b8:   000000000000000c 0000022d43c48740
0x000000e2dc3ff9c8:   00007ff8d79ea94c 00000000d563efc0
0x000000e2dc3ff9d8:   00000000d8c3da68 0000022d43c48740
0x000000e2dc3ff9e8:   00000000d563efc0 00000000d8917a78
0x000000e2dc3ff9f8:   000000e2000c9000 0000022d00000003
0x000000e2dc3ffa08:   0000022d43c48740 0000000000000000
0x000000e2dc3ffa18:   0000000000000000 0000000000000000
0x000000e2dc3ffa28:   000000e2db5fed60 000000e2db5fed28
0x000000e2dc3ffa38:   000000e2db5fec20 0000000000000000
0x000000e2dc3ffa48:   00007ff8d79eb7da 0000000000000005
0x000000e2dc3ffa58:   000000e2dc3ffad0 0000000000000000
0x000000e2dc3ffa68:   0000022d43c48740 000000e2db5ff400
0x000000e2dc3ffa78:   0000022d5cb7cd30 0000000000000002
0x000000e2dc3ffa88:   0000022d43c48740 00007ff8d7ce4bc8
0x000000e2dc3ffa98:   0000022d43c48740 00007ff8d7ce4dd0
0x000000e2dc3ffaa8:   0000000000000000 0000000000000000
0x000000e2dc3ffab8:   0000000000000000 0000000000000000
0x000000e2dc3ffac8:   00009df145598e6f 0000000000000000
0x000000e2dc3ffad8:   0000022d5e1254f0 0000000000000000 

Instructions: (pc=0x00007ff8d733cac8)
0x00007ff8d733c9c8:   48 83 c4 20 5e c3 cc cc 48 8b 01 c3 cc cc cc cc
0x00007ff8d733c9d8:   cc cc cc cc cc cc cc cc 4c 8b 01 4c 8b c9 48 8b
0x00007ff8d733c9e8:   0d a3 e1 b6 00 ba 44 60 08 00 e9 d9 f1 ff ff cc
0x00007ff8d733c9f8:   cc cc cc cc cc cc cc cc 48 89 5c 24 08 57 48 83
0x00007ff8d733ca08:   ec 20 48 8b 39 48 8b d9 48 85 3d 01 cb bb 00 75
0x00007ff8d733ca18:   0e 48 8b c7 48 8b 5c 24 30 48 83 c4 20 5f c3 48
0x00007ff8d733ca28:   8b cf e8 81 c0 85 00 48 8b d0 48 85 c0 74 20 48
0x00007ff8d733ca38:   8b c7 f0 48 0f b1 13 74 16 48 85 05 d0 ca bb 00
0x00007ff8d733ca48:   74 0d 48 8b c8 f0 48 0f b1 13 48 3b c1 75 ea 48
0x00007ff8d733ca58:   8b 5c 24 30 48 8b c2 48 83 c4 20 5f c3 cc cc cc
0x00007ff8d733ca68:   cc cc cc cc cc cc cc cc 4c 8b 01 4c 8b c9 48 8b
0x00007ff8d733ca78:   0d 13 e1 b6 00 ba 64 60 08 00 e9 49 f1 ff ff cc
0x00007ff8d733ca88:   cc cc cc cc cc cc cc cc 8b 05 62 28 b1 00 c3 cc
0x00007ff8d733ca98:   cc cc cc cc cc cc cc cc 0f b6 05 40 e9 b7 00 48
0x00007ff8d733caa8:   8b d1 84 c0 74 16 44 8b 41 08 8b 0d 40 28 b1 00
0x00007ff8d733cab8:   49 d3 e0 4c 03 05 2e 28 b1 00 eb 04 4c 8b 41 08
0x00007ff8d733cac8:   45 8b 50 08 45 85 d2 7e 0e 41 f6 c2 01 75 53 41
0x00007ff8d733cad8:   c1 fa 03 41 8b c2 c3 79 49 84 c0 b9 10 00 00 00
0x00007ff8d733cae8:   8b 05 46 37 b1 00 41 b8 0c 00 00 00 41 0f 45 c8
0x00007ff8d733caf8:   ff c8 4c 63 c8 48 63 14 11 41 8b ca 83 e1 3f 48
0x00007ff8d733cb08:   d3 e2 41 8b ca 48 c1 f9 10 0f b6 c1 49 8d 0c 11
0x00007ff8d733cb18:   49 f7 d1 48 03 c1 49 c1 e9 03 48 c1 e8 03 41 23
0x00007ff8d733cb28:   c1 c3 49 8b 00 49 8b c8 48 ff a0 00 01 00 00 cc
0x00007ff8d733cb38:   cc cc cc cc cc cc cc cc 8b 44 24 30 45 03 c9 44
0x00007ff8d733cb48:   2b 4c 24 28 83 c0 0b 44 03 ca 45 03 c8 41 03 c1
0x00007ff8d733cb58:   c3 cc cc cc cc cc cc cc 4c 8b ca 48 8b d1 45 8b
0x00007ff8d733cb68:   41 08 45 85 c0 7e 0e 41 f6 c0 01 75 56 41 c1 f8
0x00007ff8d733cb78:   03 41 8b c0 c3 79 4c 80 3d 61 e8 b7 00 00 b8 0c
0x00007ff8d733cb88:   00 00 00 b9 10 00 00 00 0f 45 c8 8b 05 9b 36 b1
0x00007ff8d733cb98:   00 ff c8 4c 63 c8 48 63 14 11 41 8b c8 83 e1 3f
0x00007ff8d733cba8:   48 d3 e2 41 8b c8 48 c1 f9 10 0f b6 c1 49 8d 0c
0x00007ff8d733cbb8:   11 49 f7 d1 48 03 c1 49 c1 e9 03 48 c1 e8 03 41 


Stack slot to memory mapping:
stack at sp + 0 slots: 0x00007ff8d79e3368 jvm.dll
stack at sp + 1 slots: 0x00000000d4c4f460 is an oop: org.eclipse.jdt.internal.compiler.classfmt.MethodInfo 
{0x00000000d4c4f460} - klass: 'org/eclipse/jdt/internal/compiler/classfmt/MethodInfo'
 - ---- fields (total size 9 words):
 - 'structOffset' 'I' @12  39684 (9b04)
 - 'reference' '[B' @16  [B{0x00000000cb51ef48} (cb51ef48)
 - 'constantPoolOffsets' '[I' @20  [I{0x00000000d3c74438} (d3c74438)
 - protected 'tagBits' 'J' @24  0 (0 0)
 - protected 'version' 'J' @32  4325376 (420000 0)
 - protected 'accessFlags' 'I' @40  -1 (ffffffff)
 - protected 'attributeBytes' 'I' @44  69 (45)
 - protected 'signatureUtf8Offset' 'I' @48  -12236 (ffffd034)
 - protected 'descriptor' '[C' @52  NULL (0)
 - protected volatile 'exceptionNames' '[[C' @56  NULL (0)
 - protected 'name' '[C' @60  [C{0x00000000d43994a0} (d43994a0)
 - protected 'signature' '[C' @64  [C{0x00000000d4c4f4a8} (d4c4f4a8)
 - protected volatile 'argumentNames' '[[C' @68  a {type array char}[0] {0x00000000c0a4bb00} (c0a4bb00)
stack at sp + 2 slots: 0x00000000d4c4f070 is pointing into object: [Lorg.eclipse.jdt.internal.compiler.classfmt.MethodInfo; 
{0x00000000d4c4efd0} - klass: 'org/eclipse/jdt/internal/compiler/classfmt/MethodInfo'[]
 - length: 48
stack at sp + 3 slots: 0x0 is NULL
stack at sp + 4 slots: 0x00007ff8d7e64810 jvm.dll
stack at sp + 5 slots: 0x00007ff8d7e64810 jvm.dll
stack at sp + 6 slots: 0x00007ff8d79e36a3 jvm.dll
stack at sp + 7 slots: 0x0000022d43c48740 points into unknown readable memory: 0x0000022d57923ca0 | a0 3c 92 57 2d 02 00 00


---------------  P R O C E S S  ---------------

Threads class SMR info:
_java_thread_list=0x0000022d616461d0, length=59, elements={
0x0000022d43b9c700, 0x0000022d57a22010, 0x0000022d57a24550, 0x0000022d5cb2e420,
0x0000022d5cb2ecf0, 0x0000022d5cb33040, 0x0000022d5cb375e0, 0x0000022d5cb3bb40,
0x0000022d5cb3e8c0, 0x0000022d5cb3ede0, 0x0000022d5cc223f0, 0x0000022d5ce99310,
0x0000022d5df8d910, 0x0000022d5e42ddf0, 0x0000022d5e2f7b40, 0x0000022d5e60b010,
0x0000022d5e6c2020, 0x0000022d5e946860, 0x0000022d5e945930, 0x0000022d5e22e8d0,
0x0000022d5e22ede0, 0x0000022d5e230220, 0x0000022d5e230730, 0x0000022d5e22f2f0,
0x0000022d5e232aa0, 0x0000022d5e235320, 0x0000022d5e235830, 0x0000022d5e236250,
0x0000022d5e232fb0, 0x0000022d5e22f800, 0x0000022d5e234900, 0x0000022d5e230c40,
0x0000022d5e235d40, 0x0000022d5f530870, 0x0000022d5f530360, 0x0000022d5f5377d0,
0x0000022d5f531290, 0x0000022d5f534f50, 0x0000022d5f535460, 0x0000022d5f5330f0,
0x0000022d5f532be0, 0x0000022d5f530d80, 0x0000022d5f536390, 0x0000022d5f535970,
0x0000022d5f533600, 0x0000022d5f534020, 0x0000022d5f5368a0, 0x0000022d5f534a40,
0x0000022d5f5317a0, 0x0000022d5f534530, 0x0000022d5f535e80, 0x0000022d5f536db0,
0x0000022d5f5372c0, 0x0000022d5f537ce0, 0x0000022d5e233ee0, 0x0000022d5e2343f0,
0x0000022d5e232590, 0x0000022d5e231b70, 0x0000022d5e2334c0
}

Java Threads: ( => current thread )
  0x0000022d43b9c700 JavaThread "main" [_thread_blocked, id=17584, stack(0x000000e2db300000,0x000000e2db400000)]
  0x0000022d57a22010 JavaThread "Reference Handler" daemon [_thread_blocked, id=7196, stack(0x000000e2db600000,0x000000e2db700000)]
  0x0000022d57a24550 JavaThread "Finalizer" daemon [_thread_blocked, id=16228, stack(0x000000e2db700000,0x000000e2db800000)]
  0x0000022d5cb2e420 JavaThread "Signal Dispatcher" daemon [_thread_blocked, id=13580, stack(0x000000e2db800000,0x000000e2db900000)]
  0x0000022d5cb2ecf0 JavaThread "Attach Listener" daemon [_thread_blocked, id=13304, stack(0x000000e2db900000,0x000000e2dba00000)]
  0x0000022d5cb33040 JavaThread "Service Thread" daemon [_thread_blocked, id=11676, stack(0x000000e2dba00000,0x000000e2dbb00000)]
  0x0000022d5cb375e0 JavaThread "Monitor Deflation Thread" daemon [_thread_blocked, id=1164, stack(0x000000e2dbb00000,0x000000e2dbc00000)]
  0x0000022d5cb3bb40 JavaThread "C2 CompilerThread0" daemon [_thread_blocked, id=17712, stack(0x000000e2dbc00000,0x000000e2dbd00000)]
  0x0000022d5cb3e8c0 JavaThread "C1 CompilerThread0" daemon [_thread_blocked, id=19364, stack(0x000000e2dbd00000,0x000000e2dbe00000)]
  0x0000022d5cb3ede0 JavaThread "Sweeper thread" daemon [_thread_blocked, id=9428, stack(0x000000e2dbe00000,0x000000e2dbf00000)]
  0x0000022d5cc223f0 JavaThread "Common-Cleaner" daemon [_thread_blocked, id=3904, stack(0x000000e2dbf00000,0x000000e2dc000000)]
  0x0000022d5ce99310 JavaThread "Notification Thread" daemon [_thread_blocked, id=14384, stack(0x000000e2dc000000,0x000000e2dc100000)]
  0x0000022d5df8d910 JavaThread "Active Thread: Equinox Container: d57b78a2-6300-4ccb-af7c-59964d060f69" [_thread_blocked, id=3192, stack(0x000000e2dc800000,0x000000e2dc900000)]
  0x0000022d5e42ddf0 JavaThread "Framework Event Dispatcher: Equinox Container: d57b78a2-6300-4ccb-af7c-59964d060f69" daemon [_thread_blocked, id=944, stack(0x000000e2dc900000,0x000000e2dca00000)]
  0x0000022d5e2f7b40 JavaThread "Start Level: Equinox Container: d57b78a2-6300-4ccb-af7c-59964d060f69" daemon [_thread_blocked, id=14356, stack(0x000000e2dca00000,0x000000e2dcb00000)]
  0x0000022d5e60b010 JavaThread "Bundle File Closer" daemon [_thread_blocked, id=11112, stack(0x000000e2dcc00000,0x000000e2dcd00000)]
  0x0000022d5e6c2020 JavaThread "SCR Component Actor" daemon [_thread_blocked, id=10228, stack(0x000000e2dcd00000,0x000000e2dce00000)]
  0x0000022d5e946860 JavaThread "Worker-JM" [_thread_blocked, id=14596, stack(0x000000e2dcf00000,0x000000e2dd000000)]
  0x0000022d5e945930 JavaThread "Java indexing" daemon [_thread_blocked, id=10660, stack(0x000000e2dd200000,0x000000e2dd300000)]
  0x0000022d5e22e8d0 JavaThread "JNA Cleaner" daemon [_thread_blocked, id=13012, stack(0x000000e2dd300000,0x000000e2dd400000)]
  0x0000022d5e22ede0 JavaThread "Thread-2" daemon [_thread_in_native, id=18328, stack(0x000000e2dd400000,0x000000e2dd500000)]
  0x0000022d5e230220 JavaThread "Thread-3" daemon [_thread_in_native, id=13980, stack(0x000000e2dd500000,0x000000e2dd600000)]
  0x0000022d5e230730 JavaThread "Thread-4" daemon [_thread_in_native, id=8200, stack(0x000000e2dd600000,0x000000e2dd700000)]
  0x0000022d5e22f2f0 JavaThread "Thread-5" daemon [_thread_in_native, id=15012, stack(0x000000e2dd700000,0x000000e2dd800000)]
  0x0000022d5e232aa0 JavaThread "Thread-6" daemon [_thread_in_native, id=6540, stack(0x000000e2dd800000,0x000000e2dd900000)]
  0x0000022d5e235320 JavaThread "Thread-7" daemon [_thread_in_native, id=13128, stack(0x000000e2dd900000,0x000000e2dda00000)]
  0x0000022d5e235830 JavaThread "Thread-8" daemon [_thread_blocked, id=15976, stack(0x000000e2dda00000,0x000000e2ddb00000)]
  0x0000022d5e236250 JavaThread "Thread-9" daemon [_thread_in_native, id=16712, stack(0x000000e2ddb00000,0x000000e2ddc00000)]
  0x0000022d5e232fb0 JavaThread "Thread-10" daemon [_thread_in_native, id=13104, stack(0x000000e2ddc00000,0x000000e2ddd00000)]
  0x0000022d5e22f800 JavaThread "pool-2-thread-1" [_thread_blocked, id=18600, stack(0x000000e2ddd00000,0x000000e2dde00000)]
  0x0000022d5e234900 JavaThread "WorkspaceEventsHandler" [_thread_blocked, id=2360, stack(0x000000e2dde00000,0x000000e2ddf00000)]
  0x0000022d5e230c40 JavaThread "pool-1-thread-1" [_thread_blocked, id=3560, stack(0x000000e2ddf00000,0x000000e2de000000)]
  0x0000022d5e235d40 JavaThread "Worker-2" [_thread_blocked, id=19400, stack(0x000000e2de000000,0x000000e2de100000)]
  0x0000022d5f530870 JavaThread "Compiler Source File Reader" daemon [_thread_blocked, id=14328, stack(0x000000e2de700000,0x000000e2de800000)]
  0x0000022d5f530360 JavaThread "Compiler Source File Reader" daemon [_thread_blocked, id=1544, stack(0x000000e2de900000,0x000000e2dea00000)]
  0x0000022d5f5377d0 JavaThread "ForkJoinPool.commonPool-worker-4" daemon [_thread_blocked, id=12952, stack(0x000000e2db000000,0x000000e2db100000)]
  0x0000022d5f531290 JavaThread "ForkJoinPool.commonPool-worker-6" daemon [_thread_blocked, id=10340, stack(0x000000e2db200000,0x000000e2db300000)]
  0x0000022d5f534f50 JavaThread "ForkJoinPool.commonPool-worker-7" daemon [_thread_blocked, id=14276, stack(0x000000e2dce00000,0x000000e2dcf00000)]
  0x0000022d5f535460 JavaThread "ForkJoinPool.commonPool-worker-9" daemon [_thread_blocked, id=12368, stack(0x000000e2dd100000,0x000000e2dd200000)]
  0x0000022d5f5330f0 JavaThread "ForkJoinPool.commonPool-worker-10" daemon [_thread_blocked, id=10480, stack(0x000000e2de200000,0x000000e2de300000)]
  0x0000022d5f532be0 JavaThread "Java Debug Server" daemon [_thread_in_native, id=17092, stack(0x000000e2de400000,0x000000e2de500000)]
  0x0000022d5f530d80 JavaThread "Cleaner-0" daemon [_thread_blocked, id=2108, stack(0x000000e2de800000,0x000000e2de900000)]
  0x0000022d5f536390 JavaThread "RxSchedulerPurge-1" daemon [_thread_blocked, id=12112, stack(0x000000e2dea00000,0x000000e2deb00000)]
  0x0000022d5f535970 JavaThread "RxCachedWorkerPoolEvictor-1" daemon [_thread_blocked, id=17512, stack(0x000000e2deb00000,0x000000e2dec00000)]
  0x0000022d5f533600 JavaThread "Worker-7" [_thread_blocked, id=15264, stack(0x000000e2db100000,0x000000e2db200000)]
  0x0000022d5f534020 JavaThread "ForkJoinPool.commonPool-worker-11" daemon [_thread_blocked, id=16212, stack(0x000000e2de300000,0x000000e2de400000)]
  0x0000022d5f5368a0 JavaThread "pool-8-thread-2" [_thread_in_native, id=18832, stack(0x000000e2de500000,0x000000e2de600000)]
  0x0000022d5f534a40 JavaThread "RxNewThreadScheduler-3" daemon [_thread_blocked, id=7028, stack(0x000000e2de600000,0x000000e2de700000)]
  0x0000022d5f5317a0 JavaThread "process reaper (pid 13552)" daemon [_thread_in_native, id=7840, stack(0x000000e2dad50000,0x000000e2dad70000)]
  0x0000022d5f534530 JavaThread "Worker-8" [_thread_blocked, id=5452, stack(0x000000e2dd000000,0x000000e2dd100000)]
  0x0000022d5f535e80 JavaThread "Worker-9" [_thread_blocked, id=11700, stack(0x000000e2de100000,0x000000e2de200000)]
  0x0000022d5f536db0 JavaThread "ForkJoinPool.commonPool-worker-12" daemon [_thread_blocked, id=14104, stack(0x000000e2dee00000,0x000000e2def00000)]
  0x0000022d5f5372c0 JavaThread "Compiler Source File Reader" daemon [_thread_blocked, id=12064, stack(0x000000e2def00000,0x000000e2df000000)]
  0x0000022d5f537ce0 JavaThread "Compiler Processing Task" daemon [_thread_blocked, id=8920, stack(0x000000e2df000000,0x000000e2df100000)]
  0x0000022d5e233ee0 JavaThread "Compiler Source File Reader" daemon [_thread_blocked, id=2704, stack(0x000000e2df100000,0x000000e2df200000)]
  0x0000022d5e2343f0 JavaThread "Compiler Source File Reader" daemon [_thread_blocked, id=7336, stack(0x000000e2df200000,0x000000e2df300000)]
  0x0000022d5e232590 JavaThread "Compiler Source File Reader" daemon [_thread_blocked, id=7156, stack(0x000000e2df300000,0x000000e2df400000)]
  0x0000022d5e231b70 JavaThread "pool-1-thread-2" [_thread_blocked, id=14244, stack(0x000000e2df400000,0x000000e2df500000)]
  0x0000022d5e2334c0 JavaThread "Worker-10: Building" [_thread_blocked, id=17352, stack(0x000000e2df500000,0x000000e2df600000)]

Other Threads:
  0x0000022d5cb114b0 VMThread "VM Thread" [stack: 0x000000e2db500000,0x000000e2db600000] [id=13344]
  0x0000022d5cdb1c90 WatcherThread [stack: 0x000000e2dc100000,0x000000e2dc200000] [id=9272]
  0x0000022d43baa980 GCTaskThread "GC Thread#0" [stack: 0x000000e2db400000,0x000000e2db500000] [id=8392]
  0x0000022d5e243850 GCTaskThread "GC Thread#1" [stack: 0x000000e2dc200000,0x000000e2dc300000] [id=6724]
=>0x0000022d5e1254f0 GCTaskThread "GC Thread#2" [stack: 0x000000e2dc300000,0x000000e2dc400000] [id=9112]
  0x0000022d5e1257b0 GCTaskThread "GC Thread#3" [stack: 0x000000e2dc400000,0x000000e2dc500000] [id=10324]
  0x0000022d5e125a70 GCTaskThread "GC Thread#4" [stack: 0x000000e2dc500000,0x000000e2dc600000] [id=1936]
  0x0000022d5e029380 GCTaskThread "GC Thread#5" [stack: 0x000000e2dc600000,0x000000e2dc700000] [id=18344]
  0x0000022d5e029640 GCTaskThread "GC Thread#6" [stack: 0x000000e2dc700000,0x000000e2dc800000] [id=12232]
  0x0000022d41a0a7f0 GCTaskThread "GC Thread#7" [stack: 0x000000e2dcb00000,0x000000e2dcc00000] [id=14364]

Threads with active compile tasks:
C2 CompilerThread0  1035741 17884 %     4       sun.security.provider.HashDrbg::addBytes @ 33 (130 bytes)

VM state: at safepoint (normal execution)

VM Mutex/Monitor currently owned by a thread:  ([mutex/lock_event])
[0x0000022d43b99360] Threads_lock - owner thread: 0x0000022d5cb114b0
[0x0000022d43b98b80] Heap_lock - owner thread: 0x0000022d5e2334c0

Heap address: 0x00000000c0000000, size: 1024 MB, Compressed Oops mode: 32-bit

CDS archive(s) not mapped
Compressed class space mapped at: 0x0000000100000000-0x0000000140000000, reserved size: 1073741824
Narrow klass base: 0x0000000000000000, Narrow klass shift: 3, Narrow klass range: 0x140000000

GC Precious Log:
 CPUs: 8 total, 8 available
 Memory: 3899M
 Large Page Support: Disabled
 NUMA Support: Disabled
 Compressed Oops: Enabled (32-bit)
 Alignments: Space 512K, Generation 512K, Heap 2M
 Heap Min Capacity: 100M
 Heap Initial Capacity: 100M
 Heap Max Capacity: 1G
 Pre-touch: Disabled
 Parallel Workers: 8

Heap:
 PSYoungGen      total 32768K, used 3044K [0x00000000eab00000, 0x00000000f2880000, 0x0000000100000000)
  eden space 29696K, 0% used [0x00000000eab00000,0x00000000eab00000,0x00000000ec800000)
  from space 3072K, 99% used [0x00000000eee80000,0x00000000ef179170,0x00000000ef180000)
  to   space 39424K, 0% used [0x00000000ec800000,0x00000000ec800000,0x00000000eee80000)
 ParOldGen       total 488448K, used 487361K [0x00000000c0000000, 0x00000000ddd00000, 0x00000000eab00000)
  object space 488448K, 99% used [0x00000000c0000000,0x00000000ddbf04b8,0x00000000ddd00000)
 Metaspace       used 93546K, committed 94976K, reserved 1179648K
  class space    used 10082K, committed 10688K, reserved 1048576K

Card table byte_map: [0x0000022d43530000,0x0000022d43740000] _byte_map_base: 0x0000022d42f30000

Marking Bits: (ParMarkBitMap*) 0x00007ff8d7ed58b0
 Begin Bits: [0x0000022d55830000, 0x0000022d56830000)
 End Bits:   [0x0000022d56830000, 0x0000022d57830000)

Polling page: 0x0000022d41af0000

Metaspace:

Usage:
  Non-class:     81.51 MB used.
      Class:      9.85 MB used.
       Both:     91.35 MB used.

Virtual space:
  Non-class space:      128.00 MB reserved,      82.31 MB ( 64%) committed,  2 nodes.
      Class space:        1.00 GB reserved,      10.44 MB (  1%) committed,  1 nodes.
             Both:        1.12 GB reserved,      92.75 MB (  8%) committed. 

Chunk freelists:
   Non-Class:  13.48 MB
       Class:  5.40 MB
        Both:  18.88 MB

MaxMetaspaceSize: unlimited
CompressedClassSpaceSize: 1.00 GB
Initial GC threshold: 21.00 MB
Current GC threshold: 152.12 MB
CDS: off
MetaspaceReclaimPolicy: balanced
 - commit_granule_bytes: 65536.
 - commit_granule_words: 8192.
 - virtual_space_node_default_size: 8388608.
 - enlarge_chunks_in_place: 1.
 - new_chunks_are_fully_committed: 0.
 - uncommit_free_chunks: 1.
 - use_allocation_guard: 0.
 - handle_deallocations: 1.


Internal statistics:

num_allocs_failed_limit: 9.
num_arena_births: 1256.
num_arena_deaths: 210.
num_vsnodes_births: 3.
num_vsnodes_deaths: 0.
num_space_committed: 1484.
num_space_uncommitted: 0.
num_chunks_returned_to_freelist: 258.
num_chunks_taken_from_freelist: 5248.
num_chunk_merges: 66.
num_chunk_splits: 3172.
num_chunks_enlarged: 1870.
num_inconsistent_stats: 0.

CodeHeap 'non-profiled nmethods': size=120000Kb used=11404Kb max_used=11462Kb free=108595Kb
 bounds [0x0000022d4e300000, 0x0000022d4ee40000, 0x0000022d55830000]
CodeHeap 'profiled nmethods': size=120000Kb used=26811Kb max_used=27180Kb free=93188Kb
 bounds [0x0000022d46830000, 0x0000022d482d0000, 0x0000022d4dd60000]
CodeHeap 'non-nmethods': size=5760Kb used=1463Kb max_used=1573Kb free=4296Kb
 bounds [0x0000022d4dd60000, 0x0000022d4dfd0000, 0x0000022d4e300000]
 total_blobs=14422 nmethods=13590 adapters=742
 compilation: enabled
              stopped_count=0, restarted_count=0
 full_count=0

Compilation events (20 events):
Event: 1033.498 Thread 0x0000022d5cb3bb40 nmethod 17875 0x0000022d4ec1bb10 code [0x0000022d4ec1bca0, 0x0000022d4ec1bf18]
Event: 1033.500 Thread 0x0000022d5cb3bb40 17877       4       com.sun.org.apache.xerces.internal.parsers.AbstractDOMParser::endElement (474 bytes)
Event: 1033.502 Thread 0x0000022d5cb3bb40 nmethod 17877 0x0000022d4ec1b590 code [0x0000022d4ec1b720, 0x0000022d4ec1b8b8]
Event: 1033.502 Thread 0x0000022d5cb3bb40 17879       4       com.sun.org.apache.xerces.internal.impl.XMLDocumentFragmentScannerImpl::scanStartElement (449 bytes)
Event: 1033.523 Thread 0x0000022d5cb3e8c0 17881       3       org.eclipse.jdt.internal.compiler.util.SortedCharArrays::insertIntoArray (54 bytes)
Event: 1033.524 Thread 0x0000022d5cb3e8c0 nmethod 17881 0x0000022d47513910 code [0x0000022d47513b00, 0x0000022d475142c8]
Event: 1033.525 Thread 0x0000022d5cb3e8c0 17882       1       org.eclipse.jdt.internal.compiler.lookup.Binding::isTaggedRepeatable (2 bytes)
Event: 1033.525 Thread 0x0000022d5cb3e8c0 nmethod 17882 0x0000022d4e91dc10 code [0x0000022d4e91dda0, 0x0000022d4e91de78]
Event: 1033.547 Thread 0x0000022d5cb3e8c0 17886       3       org.eclipse.m2e.core.internal.project.registry.MavenProjectCache::getMavenProject (43 bytes)
Event: 1033.549 Thread 0x0000022d5cb3e8c0 nmethod 17886 0x0000022d47fa8e90 code [0x0000022d47fa90c0, 0x0000022d47fa98d8]
Event: 1033.549 Thread 0x0000022d5cb3e8c0 17887       3       org.eclipse.m2e.core.internal.project.registry.MavenProjectCache$CacheKey::equals (8 bytes)
Event: 1033.550 Thread 0x0000022d5cb3bb40 nmethod 17879 0x0000022d4ec18690 code [0x0000022d4ec189c0, 0x0000022d4ec19e88]
Event: 1033.551 Thread 0x0000022d5cb3bb40 17885       4       org.eclipse.core.runtime.Path::append (147 bytes)
Event: 1033.553 Thread 0x0000022d5cb3e8c0 nmethod 17887 0x0000022d480bf290 code [0x0000022d480bf660, 0x0000022d480c1198]
Event: 1033.553 Thread 0x0000022d5cb3e8c0 17889       3       org.apache.maven.bridge.MavenRepositorySystem::getMirror (125 bytes)
Event: 1033.554 Thread 0x0000022d5cb3e8c0 nmethod 17889 0x0000022d4797c010 code [0x0000022d4797c300, 0x0000022d4797d318]
Event: 1033.554 Thread 0x0000022d5cb3e8c0 17888       3       org.eclipse.m2e.core.internal.project.registry.MavenProjectCache$CacheLine::getProject (47 bytes)
Event: 1033.555 Thread 0x0000022d5cb3e8c0 nmethod 17888 0x0000022d47388490 code [0x0000022d473886c0, 0x0000022d47389088]
Event: 1033.559 Thread 0x0000022d5cb3bb40 nmethod 17885 0x0000022d4ec17590 code [0x0000022d4ec177a0, 0x0000022d4ec18110]
Event: 1033.559 Thread 0x0000022d5cb3bb40 17884 %     4       sun.security.provider.HashDrbg::addBytes @ 33 (130 bytes)

GC Heap History (20 events):
Event: 1025.427 GC heap after
{Heap after GC invocations=369 (full 38):
 PSYoungGen      total 60928K, used 2020K [0x00000000eab00000, 0x00000000ef400000, 0x0000000100000000)
  eden space 58880K, 0% used [0x00000000eab00000,0x00000000eab00000,0x00000000ee480000)
  from space 2048K, 98% used [0x00000000ef180000,0x00000000ef3791c8,0x00000000ef380000)
  to   space 512K, 0% used [0x00000000ef380000,0x00000000ef380000,0x00000000ef400000)
 ParOldGen       total 488448K, used 422227K [0x00000000c0000000, 0x00000000ddd00000, 0x00000000eab00000)
  object space 488448K, 86% used [0x00000000c0000000,0x00000000d9c54e18,0x00000000ddd00000)
 Metaspace       used 93103K, committed 94592K, reserved 1179648K
  class space    used 10071K, committed 10688K, reserved 1048576K
}
Event: 1026.074 GC heap before
{Heap before GC invocations=370 (full 38):
 PSYoungGen      total 60928K, used 60900K [0x00000000eab00000, 0x00000000ef400000, 0x0000000100000000)
  eden space 58880K, 99% used [0x00000000eab00000,0x00000000ee47fff0,0x00000000ee480000)
  from space 2048K, 98% used [0x00000000ef180000,0x00000000ef3791c8,0x00000000ef380000)
  to   space 512K, 0% used [0x00000000ef380000,0x00000000ef380000,0x00000000ef400000)
 ParOldGen       total 488448K, used 422227K [0x00000000c0000000, 0x00000000ddd00000, 0x00000000eab00000)
  object space 488448K, 86% used [0x00000000c0000000,0x00000000d9c54e18,0x00000000ddd00000)
 Metaspace       used 93216K, committed 94656K, reserved 1179648K
  class space    used 10079K, committed 10688K, reserved 1048576K
}
Event: 1026.085 GC heap after
{Heap after GC invocations=370 (full 38):
 PSYoungGen      total 58368K, used 489K [0x00000000eab00000, 0x00000000ef980000, 0x0000000100000000)
  eden space 57856K, 0% used [0x00000000eab00000,0x00000000eab00000,0x00000000ee380000)
  from space 512K, 95% used [0x00000000ef380000,0x00000000ef3fa420,0x00000000ef400000)
  to   space 11264K, 0% used [0x00000000ee380000,0x00000000ee380000,0x00000000eee80000)
 ParOldGen       total 488448K, used 431501K [0x00000000c0000000, 0x00000000ddd00000, 0x00000000eab00000)
  object space 488448K, 88% used [0x00000000c0000000,0x00000000da563638,0x00000000ddd00000)
 Metaspace       used 93216K, committed 94656K, reserved 1179648K
  class space    used 10079K, committed 10688K, reserved 1048576K
}
Event: 1026.564 GC heap before
{Heap before GC invocations=371 (full 38):
 PSYoungGen      total 58368K, used 58031K [0x00000000eab00000, 0x00000000ef980000, 0x0000000100000000)
  eden space 57856K, 99% used [0x00000000eab00000,0x00000000ee331ba0,0x00000000ee380000)
  from space 512K, 95% used [0x00000000ef380000,0x00000000ef3fa420,0x00000000ef400000)
  to   space 11264K, 0% used [0x00000000ee380000,0x00000000ee380000,0x00000000eee80000)
 ParOldGen       total 488448K, used 431501K [0x00000000c0000000, 0x00000000ddd00000, 0x00000000eab00000)
  object space 488448K, 88% used [0x00000000c0000000,0x00000000da563638,0x00000000ddd00000)
 Metaspace       used 93251K, committed 94720K, reserved 1179648K
  class space    used 10079K, committed 10688K, reserved 1048576K
}
Event: 1026.583 GC heap after
{Heap after GC invocations=371 (full 38):
 PSYoungGen      total 68096K, used 11236K [0x00000000eab00000, 0x00000000f0880000, 0x0000000100000000)
  eden space 56832K, 0% used [0x00000000eab00000,0x00000000eab00000,0x00000000ee280000)
  from space 11264K, 99% used [0x00000000ee380000,0x00000000eee79188,0x00000000eee80000)
  to   space 19456K, 0% used [0x00000000ef580000,0x00000000ef580000,0x00000000f0880000)
 ParOldGen       total 488448K, used 437981K [0x00000000c0000000, 0x00000000ddd00000, 0x00000000eab00000)
  object space 488448K, 89% used [0x00000000c0000000,0x00000000dabb7638,0x00000000ddd00000)
 Metaspace       used 93251K, committed 94720K, reserved 1179648K
  class space    used 10079K, committed 10688K, reserved 1048576K
}
Event: 1027.670 GC heap before
{Heap before GC invocations=372 (full 38):
 PSYoungGen      total 68096K, used 68068K [0x00000000eab00000, 0x00000000f0880000, 0x0000000100000000)
  eden space 56832K, 100% used [0x00000000eab00000,0x00000000ee280000,0x00000000ee280000)
  from space 11264K, 99% used [0x00000000ee380000,0x00000000eee79188,0x00000000eee80000)
  to   space 19456K, 0% used [0x00000000ef580000,0x00000000ef580000,0x00000000f0880000)
 ParOldGen       total 488448K, used 437981K [0x00000000c0000000, 0x00000000ddd00000, 0x00000000eab00000)
  object space 488448K, 89% used [0x00000000c0000000,0x00000000dabb7638,0x00000000ddd00000)
 Metaspace       used 93275K, committed 94720K, reserved 1179648K
  class space    used 10079K, committed 10688K, reserved 1048576K
}
Event: 1027.675 GC heap after
{Heap after GC invocations=372 (full 38):
 PSYoungGen      total 56320K, used 320K [0x00000000eab00000, 0x00000000ef600000, 0x0000000100000000)
  eden space 55808K, 0% used [0x00000000eab00000,0x00000000eab00000,0x00000000ee180000)
  from space 512K, 62% used [0x00000000ef580000,0x00000000ef5d0000,0x00000000ef600000)
  to   space 7168K, 0% used [0x00000000ee800000,0x00000000ee800000,0x00000000eef00000)
 ParOldGen       total 488448K, used 442354K [0x00000000c0000000, 0x00000000ddd00000, 0x00000000eab00000)
  object space 488448K, 90% used [0x00000000c0000000,0x00000000daffc838,0x00000000ddd00000)
 Metaspace       used 93275K, committed 94720K, reserved 1179648K
  class space    used 10079K, committed 10688K, reserved 1048576K
}
Event: 1028.194 GC heap before
{Heap before GC invocations=373 (full 38):
 PSYoungGen      total 56320K, used 56128K [0x00000000eab00000, 0x00000000ef600000, 0x0000000100000000)
  eden space 55808K, 100% used [0x00000000eab00000,0x00000000ee180000,0x00000000ee180000)
  from space 512K, 62% used [0x00000000ef580000,0x00000000ef5d0000,0x00000000ef600000)
  to   space 7168K, 0% used [0x00000000ee800000,0x00000000ee800000,0x00000000eef00000)
 ParOldGen       total 488448K, used 442354K [0x00000000c0000000, 0x00000000ddd00000, 0x00000000eab00000)
  object space 488448K, 90% used [0x00000000c0000000,0x00000000daffc838,0x00000000ddd00000)
 Metaspace       used 93303K, committed 94720K, reserved 1179648K
  class space    used 10079K, committed 10688K, reserved 1048576K
}
Event: 1028.200 GC heap after
{Heap after GC invocations=373 (full 38):
 PSYoungGen      total 61952K, used 3076K [0x00000000eab00000, 0x00000000ef600000, 0x0000000100000000)
  eden space 54784K, 0% used [0x00000000eab00000,0x00000000eab00000,0x00000000ee080000)
  from space 7168K, 42% used [0x00000000ee800000,0x00000000eeb01180,0x00000000eef00000)
  to   space 4096K, 0% used [0x00000000ef200000,0x00000000ef200000,0x00000000ef600000)
 ParOldGen       total 488448K, used 442354K [0x00000000c0000000, 0x00000000ddd00000, 0x00000000eab00000)
  object space 488448K, 90% used [0x00000000c0000000,0x00000000daffc838,0x00000000ddd00000)
 Metaspace       used 93303K, committed 94720K, reserved 1179648K
  class space    used 10079K, committed 10688K, reserved 1048576K
}
Event: 1029.308 GC heap before
{Heap before GC invocations=374 (full 38):
 PSYoungGen      total 61952K, used 57860K [0x00000000eab00000, 0x00000000ef600000, 0x0000000100000000)
  eden space 54784K, 99% used [0x00000000eab00000,0x00000000ee07fff0,0x00000000ee080000)
  from space 7168K, 42% used [0x00000000ee800000,0x00000000eeb01180,0x00000000eef00000)
  to   space 4096K, 0% used [0x00000000ef200000,0x00000000ef200000,0x00000000ef600000)
 ParOldGen       total 488448K, used 442354K [0x00000000c0000000, 0x00000000ddd00000, 0x00000000eab00000)
  object space 488448K, 90% used [0x00000000c0000000,0x00000000daffc838,0x00000000ddd00000)
 Metaspace       used 93357K, committed 94784K, reserved 1179648K
  class space    used 10079K, committed 10688K, reserved 1048576K
}
Event: 1029.314 GC heap after
{Heap after GC invocations=374 (full 38):
 PSYoungGen      total 54784K, used 931K [0x00000000eab00000, 0x00000000ef300000, 0x0000000100000000)
  eden space 53760K, 0% used [0x00000000eab00000,0x00000000eab00000,0x00000000edf80000)
  from space 1024K, 90% used [0x00000000ef200000,0x00000000ef2e8d20,0x00000000ef300000)
  to   space 2048K, 0% used [0x00000000eef00000,0x00000000eef00000,0x00000000ef100000)
 ParOldGen       total 488448K, used 442354K [0x00000000c0000000, 0x00000000ddd00000, 0x00000000eab00000)
  object space 488448K, 90% used [0x00000000c0000000,0x00000000daffc838,0x00000000ddd00000)
 Metaspace       used 93357K, committed 94784K, reserved 1179648K
  class space    used 10079K, committed 10688K, reserved 1048576K
}
Event: 1030.111 GC heap before
{Heap before GC invocations=375 (full 38):
 PSYoungGen      total 54784K, used 54691K [0x00000000eab00000, 0x00000000ef300000, 0x0000000100000000)
  eden space 53760K, 100% used [0x00000000eab00000,0x00000000edf80000,0x00000000edf80000)
  from space 1024K, 90% used [0x00000000ef200000,0x00000000ef2e8d20,0x00000000ef300000)
  to   space 2048K, 0% used [0x00000000eef00000,0x00000000eef00000,0x00000000ef100000)
 ParOldGen       total 488448K, used 442354K [0x00000000c0000000, 0x00000000ddd00000, 0x00000000eab00000)
  object space 488448K, 90% used [0x00000000c0000000,0x00000000daffc838,0x00000000ddd00000)
 Metaspace       used 93455K, committed 94912K, reserved 1179648K
  class space    used 10079K, committed 10688K, reserved 1048576K
}
Event: 1030.129 GC heap after
{Heap after GC invocations=375 (full 38):
 PSYoungGen      total 54784K, used 2047K [0x00000000eab00000, 0x00000000f0180000, 0x0000000100000000)
  eden space 52736K, 0% used [0x00000000eab00000,0x00000000eab00000,0x00000000ede80000)
  from space 2048K, 99% used [0x00000000eef00000,0x00000000ef0fffd0,0x00000000ef100000)
  to   space 16896K, 0% used [0x00000000ef100000,0x00000000ef100000,0x00000000f0180000)
 ParOldGen       total 488448K, used 455521K [0x00000000c0000000, 0x00000000ddd00000, 0x00000000eab00000)
  object space 488448K, 93% used [0x00000000c0000000,0x00000000dbcd8498,0x00000000ddd00000)
 Metaspace       used 93455K, committed 94912K, reserved 1179648K
  class space    used 10079K, committed 10688K, reserved 1048576K
}
Event: 1030.796 GC heap before
{Heap before GC invocations=376 (full 38):
 PSYoungGen      total 54784K, used 54783K [0x00000000eab00000, 0x00000000f0180000, 0x0000000100000000)
  eden space 52736K, 100% used [0x00000000eab00000,0x00000000ede80000,0x00000000ede80000)
  from space 2048K, 99% used [0x00000000eef00000,0x00000000ef0fffd0,0x00000000ef100000)
  to   space 16896K, 0% used [0x00000000ef100000,0x00000000ef100000,0x00000000f0180000)
 ParOldGen       total 488448K, used 455521K [0x00000000c0000000, 0x00000000ddd00000, 0x00000000eab00000)
  object space 488448K, 93% used [0x00000000c0000000,0x00000000dbcd8498,0x00000000ddd00000)
 Metaspace       used 93496K, committed 94912K, reserved 1179648K
  class space    used 10079K, committed 10688K, reserved 1048576K
}
Event: 1030.803 GC heap after
{Heap after GC invocations=376 (full 38):
 PSYoungGen      total 59392K, used 7374K [0x00000000eab00000, 0x00000000ef880000, 0x0000000100000000)
  eden space 51712K, 0% used [0x00000000eab00000,0x00000000eab00000,0x00000000edd80000)
  from space 7680K, 96% used [0x00000000ef100000,0x00000000ef833b00,0x00000000ef880000)
  to   space 10240K, 0% used [0x00000000ee480000,0x00000000ee480000,0x00000000eee80000)
 ParOldGen       total 488448K, used 455561K [0x00000000c0000000, 0x00000000ddd00000, 0x00000000eab00000)
  object space 488448K, 93% used [0x00000000c0000000,0x00000000dbce2498,0x00000000ddd00000)
 Metaspace       used 93496K, committed 94912K, reserved 1179648K
  class space    used 10079K, committed 10688K, reserved 1048576K
}
Event: 1033.392 GC heap before
{Heap before GC invocations=377 (full 38):
 PSYoungGen      total 59392K, used 59086K [0x00000000eab00000, 0x00000000ef880000, 0x0000000100000000)
  eden space 51712K, 100% used [0x00000000eab00000,0x00000000edd80000,0x00000000edd80000)
  from space 7680K, 96% used [0x00000000ef100000,0x00000000ef833b00,0x00000000ef880000)
  to   space 10240K, 0% used [0x00000000ee480000,0x00000000ee480000,0x00000000eee80000)
 ParOldGen       total 488448K, used 455561K [0x00000000c0000000, 0x00000000ddd00000, 0x00000000eab00000)
  object space 488448K, 93% used [0x00000000c0000000,0x00000000dbce2498,0x00000000ddd00000)
 Metaspace       used 93535K, committed 94976K, reserved 1179648K
  class space    used 10082K, committed 10688K, reserved 1048576K
}
Event: 1033.401 GC heap after
{Heap after GC invocations=377 (full 38):
 PSYoungGen      total 60928K, used 10088K [0x00000000eab00000, 0x00000000ef180000, 0x0000000100000000)
  eden space 50688K, 0% used [0x00000000eab00000,0x00000000eab00000,0x00000000edc80000)
  from space 10240K, 98% used [0x00000000ee480000,0x00000000eee5a3d0,0x00000000eee80000)
  to   space 3072K, 0% used [0x00000000eee80000,0x00000000eee80000,0x00000000ef180000)
 ParOldGen       total 488448K, used 455561K [0x00000000c0000000, 0x00000000ddd00000, 0x00000000eab00000)
  object space 488448K, 93% used [0x00000000c0000000,0x00000000dbce2498,0x00000000ddd00000)
 Metaspace       used 93535K, committed 94976K, reserved 1179648K
  class space    used 10082K, committed 10688K, reserved 1048576K
}
Event: 1033.567 GC heap before
{Heap before GC invocations=378 (full 38):
 PSYoungGen      total 60928K, used 59099K [0x00000000eab00000, 0x00000000ef180000, 0x0000000100000000)
  eden space 50688K, 96% used [0x00000000eab00000,0x00000000edadc928,0x00000000edc80000)
  from space 10240K, 98% used [0x00000000ee480000,0x00000000eee5a3d0,0x00000000eee80000)
  to   space 3072K, 0% used [0x00000000eee80000,0x00000000eee80000,0x00000000ef180000)
 ParOldGen       total 488448K, used 455561K [0x00000000c0000000, 0x00000000ddd00000, 0x00000000eab00000)
  object space 488448K, 93% used [0x00000000c0000000,0x00000000dbce2498,0x00000000ddd00000)
 Metaspace       used 93546K, committed 94976K, reserved 1179648K
  class space    used 10082K, committed 10688K, reserved 1048576K
}
Event: 1033.588 GC heap after
{Heap after GC invocations=378 (full 38):
 PSYoungGen      total 32768K, used 3044K [0x00000000eab00000, 0x00000000f2880000, 0x0000000100000000)
  eden space 29696K, 0% used [0x00000000eab00000,0x00000000eab00000,0x00000000ec800000)
  from space 3072K, 99% used [0x00000000eee80000,0x00000000ef179170,0x00000000ef180000)
  to   space 39424K, 0% used [0x00000000ec800000,0x00000000ec800000,0x00000000eee80000)
 ParOldGen       total 488448K, used 487361K [0x00000000c0000000, 0x00000000ddd00000, 0x00000000eab00000)
  object space 488448K, 99% used [0x00000000c0000000,0x00000000ddbf04b8,0x00000000ddd00000)
 Metaspace       used 93546K, committed 94976K, reserved 1179648K
  class space    used 10082K, committed 10688K, reserved 1048576K
}
Event: 1033.588 GC heap before
{Heap before GC invocations=379 (full 39):
 PSYoungGen      total 32768K, used 3044K [0x00000000eab00000, 0x00000000f2880000, 0x0000000100000000)
  eden space 29696K, 0% used [0x00000000eab00000,0x00000000eab00000,0x00000000ec800000)
  from space 3072K, 99% used [0x00000000eee80000,0x00000000ef179170,0x00000000ef180000)
  to   space 39424K, 0% used [0x00000000ec800000,0x00000000ec800000,0x00000000eee80000)
 ParOldGen       total 488448K, used 487361K [0x00000000c0000000, 0x00000000ddd00000, 0x00000000eab00000)
  object space 488448K, 99% used [0x00000000c0000000,0x00000000ddbf04b8,0x00000000ddd00000)
 Metaspace       used 93546K, committed 94976K, reserved 1179648K
  class space    used 10082K, committed 10688K, reserved 1048576K
}

Dll operation events (14 events):
Event: 0.074 Loaded shared library c:\Users\computer care\.vscode\extensions\redhat.java-1.34.0-win32-x64\jre\17.0.12-win32-x86_64\bin\java.dll
Event: 0.252 Loaded shared library c:\Users\computer care\.vscode\extensions\redhat.java-1.34.0-win32-x64\jre\17.0.12-win32-x86_64\bin\zip.dll
Event: 0.255 Loaded shared library C:\Users\computer care\.vscode\extensions\redhat.java-1.34.0-win32-x64\jre\17.0.12-win32-x86_64\bin\instrument.dll
Event: 0.280 Loaded shared library C:\Users\computer care\.vscode\extensions\redhat.java-1.34.0-win32-x64\jre\17.0.12-win32-x86_64\bin\net.dll
Event: 0.288 Loaded shared library C:\Users\computer care\.vscode\extensions\redhat.java-1.34.0-win32-x64\jre\17.0.12-win32-x86_64\bin\nio.dll
Event: 0.295 Loaded shared library C:\Users\computer care\.vscode\extensions\redhat.java-1.34.0-win32-x64\jre\17.0.12-win32-x86_64\bin\zip.dll
Event: 0.313 Loaded shared library C:\Users\computer care\.vscode\extensions\redhat.java-1.34.0-win32-x64\jre\17.0.12-win32-x86_64\bin\jimage.dll
Event: 0.404 Loaded shared library c:\Users\computer care\.vscode\extensions\redhat.java-1.34.0-win32-x64\jre\17.0.12-win32-x86_64\bin\verify.dll
Event: 5.776 Loaded shared library C:\Users\computer care\AppData\Roaming\Code\User\globalStorage\redhat.java\1.34.0\config_win\org.eclipse.equinox.launcher\org.eclipse.equinox.launcher.win32.win32.x86_64_1.2.1100.v20240722-2106\eclipse_11904.dll
Event: 14.556 Loaded shared library C:\Users\computer care\.vscode\extensions\redhat.java-1.34.0-win32-x64\jre\17.0.12-win32-x86_64\bin\management.dll
Event: 14.559 Loaded shared library C:\Users\computer care\.vscode\extensions\redhat.java-1.34.0-win32-x64\jre\17.0.12-win32-x86_64\bin\management_ext.dll
Event: 15.667 Loaded shared library C:\Users\computer care\AppData\Local\Temp\jna-1355949302\jna7838041537420878214.dll
Event: 17.208 Loaded shared library C:\Users\computer care\.vscode\extensions\redhat.java-1.34.0-win32-x64\jre\17.0.12-win32-x86_64\bin\sunmscapi.dll
Event: 17.285 Loaded shared library C:\Users\computer care\.vscode\extensions\redhat.java-1.34.0-win32-x64\jre\17.0.12-win32-x86_64\bin\extnet.dll

Deoptimization events (20 events):
Event: 1032.507 Thread 0x0000022d5f531290 DEOPT PACKING pc=0x0000022d4826e4cb sp=0x000000e2db2fe920
Event: 1032.507 Thread 0x0000022d5f531290 DEOPT UNPACKING pc=0x0000022d4ddb6e43 sp=0x000000e2db2fddd0 mode 0
Event: 1033.373 Thread 0x0000022d5e230c40 Uncommon trap: trap_request=0xffffffd6 fr.pc=0x0000022d4ebfb628 relative=0x0000000000001048
Event: 1033.373 Thread 0x0000022d5e230c40 Uncommon trap: reason=array_check action=maybe_recompile pc=0x0000022d4ebfb628 method=java.util.TimSort.reverseRange([Ljava/lang/Object;II)V @ 20 c2
Event: 1033.373 Thread 0x0000022d5e230c40 DEOPT PACKING pc=0x0000022d4ebfb628 sp=0x000000e2ddffd410
Event: 1033.373 Thread 0x0000022d5e230c40 DEOPT UNPACKING pc=0x0000022d4ddb66a3 sp=0x000000e2ddffd298 mode 2
Event: 1033.373 Thread 0x0000022d5e230c40 Uncommon trap: trap_request=0xffffffd6 fr.pc=0x0000022d4ebfb628 relative=0x0000000000001048
Event: 1033.373 Thread 0x0000022d5e230c40 Uncommon trap: reason=array_check action=maybe_recompile pc=0x0000022d4ebfb628 method=java.util.TimSort.reverseRange([Ljava/lang/Object;II)V @ 20 c2
Event: 1033.373 Thread 0x0000022d5e230c40 DEOPT PACKING pc=0x0000022d4ebfb628 sp=0x000000e2ddffd490
Event: 1033.374 Thread 0x0000022d5e230c40 DEOPT UNPACKING pc=0x0000022d4ddb66a3 sp=0x000000e2ddffd318 mode 2
Event: 1033.374 Thread 0x0000022d5e230c40 Uncommon trap: trap_request=0xffffffd6 fr.pc=0x0000022d4e457844 relative=0x0000000000000424
Event: 1033.374 Thread 0x0000022d5e230c40 Uncommon trap: reason=array_check action=maybe_recompile pc=0x0000022d4e457844 method=java.util.TimSort.reverseRange([Ljava/lang/Object;II)V @ 20 c2
Event: 1033.374 Thread 0x0000022d5e230c40 DEOPT PACKING pc=0x0000022d4e457844 sp=0x000000e2ddffd280
Event: 1033.374 Thread 0x0000022d5e230c40 DEOPT UNPACKING pc=0x0000022d4ddb66a3 sp=0x000000e2ddffd1b0 mode 2
Event: 1033.409 Thread 0x0000022d5e230c40 Uncommon trap: trap_request=0xffffffde fr.pc=0x0000022d4eaa3db4 relative=0x0000000000000214
Event: 1033.409 Thread 0x0000022d5e230c40 Uncommon trap: reason=class_check action=maybe_recompile pc=0x0000022d4eaa3db4 method=org.eclipse.jdt.internal.core.util.Util.equalArraysOrNull([Ljava/lang/Object;[Ljava/lang/Object;)Z @ 55 c2
Event: 1033.409 Thread 0x0000022d5e230c40 DEOPT PACKING pc=0x0000022d4eaa3db4 sp=0x000000e2ddffdf20
Event: 1033.409 Thread 0x0000022d5e230c40 DEOPT UNPACKING pc=0x0000022d4ddb66a3 sp=0x000000e2ddffdec8 mode 2
Event: 1033.430 Thread 0x0000022d5e945930 DEOPT PACKING pc=0x0000022d479df1f1 sp=0x000000e2dd2feaa0
Event: 1033.430 Thread 0x0000022d5e945930 DEOPT UNPACKING pc=0x0000022d4ddb6e43 sp=0x000000e2dd2fdf78 mode 0

Classes loaded (20 events):
Event: 1007.859 Loading class java/util/stream/Nodes$IntSpinedNodeBuilder
Event: 1007.864 Loading class java/util/stream/SpinedBuffer$OfInt
Event: 1007.866 Loading class java/util/stream/SpinedBuffer$OfPrimitive
Event: 1007.868 Loading class java/util/stream/SpinedBuffer$OfPrimitive done
Event: 1007.868 Loading class java/util/stream/SpinedBuffer$OfInt done
Event: 1007.873 Loading class java/util/stream/Nodes$IntSpinedNodeBuilder done
Event: 1008.401 Loading class jdk/internal/module/IllegalAccessLogger
Event: 1008.401 Loading class jdk/internal/module/IllegalAccessLogger done
Event: 1014.387 Loading class jdk/internal/module/IllegalAccessLogger
Event: 1014.388 Loading class jdk/internal/module/IllegalAccessLogger done
Event: 1022.716 Loading class jdk/internal/module/IllegalAccessLogger
Event: 1022.719 Loading class jdk/internal/module/IllegalAccessLogger done
Event: 1024.115 Loading class jdk/internal/module/IllegalAccessLogger
Event: 1024.115 Loading class jdk/internal/module/IllegalAccessLogger done
Event: 1026.655 Loading class jdk/internal/module/IllegalAccessLogger
Event: 1026.655 Loading class jdk/internal/module/IllegalAccessLogger done
Event: 1030.144 Loading class jdk/internal/module/IllegalAccessLogger
Event: 1030.144 Loading class jdk/internal/module/IllegalAccessLogger done
Event: 1033.525 Loading class jdk/internal/module/IllegalAccessLogger
Event: 1033.525 Loading class jdk/internal/module/IllegalAccessLogger done

Classes unloaded (20 events):
Event: 948.149 Thread 0x0000022d5cb114b0 Unloading class 0x0000000100297800 'java/lang/invoke/LambdaForm$MH+0x0000000100297800'
Event: 948.149 Thread 0x0000022d5cb114b0 Unloading class 0x0000000100297400 'java/lang/invoke/LambdaForm$MH+0x0000000100297400'
Event: 948.149 Thread 0x0000022d5cb114b0 Unloading class 0x0000000100297000 'java/lang/invoke/LambdaForm$MH+0x0000000100297000'
Event: 948.149 Thread 0x0000022d5cb114b0 Unloading class 0x0000000100296c00 'java/lang/invoke/LambdaForm$MH+0x0000000100296c00'
Event: 948.149 Thread 0x0000022d5cb114b0 Unloading class 0x0000000100296800 'java/lang/invoke/LambdaForm$MH+0x0000000100296800'
Event: 948.149 Thread 0x0000022d5cb114b0 Unloading class 0x0000000100296400 'java/lang/invoke/LambdaForm$MH+0x0000000100296400'
Event: 948.149 Thread 0x0000022d5cb114b0 Unloading class 0x0000000100296000 'java/lang/invoke/LambdaForm$MH+0x0000000100296000'
Event: 948.149 Thread 0x0000022d5cb114b0 Unloading class 0x0000000100245c00 'java/lang/invoke/LambdaForm$MH+0x0000000100245c00'
Event: 948.149 Thread 0x0000022d5cb114b0 Unloading class 0x0000000100227400 'java/lang/invoke/LambdaForm$MH+0x0000000100227400'
Event: 948.149 Thread 0x0000022d5cb114b0 Unloading class 0x0000000100227000 'java/lang/invoke/LambdaForm$MH+0x0000000100227000'
Event: 948.149 Thread 0x0000022d5cb114b0 Unloading class 0x0000000100226c00 'java/lang/invoke/LambdaForm$MH+0x0000000100226c00'
Event: 948.149 Thread 0x0000022d5cb114b0 Unloading class 0x0000000100226800 'java/lang/invoke/LambdaForm$MH+0x0000000100226800'
Event: 948.149 Thread 0x0000022d5cb114b0 Unloading class 0x0000000100226400 'java/lang/invoke/LambdaForm$MH+0x0000000100226400'
Event: 948.149 Thread 0x0000022d5cb114b0 Unloading class 0x0000000100226000 'java/lang/invoke/LambdaForm$MH+0x0000000100226000'
Event: 948.149 Thread 0x0000022d5cb114b0 Unloading class 0x0000000100129000 'jdk/internal/reflect/GeneratedMethodAccessor5'
Event: 948.149 Thread 0x0000022d5cb114b0 Unloading class 0x0000000100128c00 'jdk/internal/reflect/GeneratedMethodAccessor4'
Event: 948.149 Thread 0x0000022d5cb114b0 Unloading class 0x0000000100128800 'jdk/internal/reflect/GeneratedMethodAccessor3'
Event: 948.149 Thread 0x0000022d5cb114b0 Unloading class 0x0000000100128400 'jdk/internal/reflect/GeneratedMethodAccessor2'
Event: 948.149 Thread 0x0000022d5cb114b0 Unloading class 0x0000000100128000 'jdk/internal/reflect/GeneratedMethodAccessor1'
Event: 985.418 Thread 0x0000022d5cb114b0 Unloading class 0x0000000100220800 'jdk/internal/reflect/GeneratedConstructorAccessor4'

Classes redefined (0 events):
No events

Internal exceptions (20 events):
Event: 1023.093 Thread 0x0000022d5e231b70 Exception <a 'java/lang/ClassNotFoundException'{0x00000000eaf3b958}: sun/net/www/protocol/jdt/Handler> (0x00000000eaf3b958) 
thrown [s\src\hotspot\share\classfile\systemDictionary.cpp, line 256]
Event: 1023.094 Thread 0x0000022d5e231b70 Exception <a 'java/lang/ClassNotFoundException'{0x00000000eaf3ddb8}: sun/net/www/protocol/jdt/Handler> (0x00000000eaf3ddb8) 
thrown [s\src\hotspot\share\classfile\systemDictionary.cpp, line 256]
Event: 1023.094 Thread 0x0000022d5e231b70 Exception <a 'java/lang/ClassNotFoundException'{0x00000000eaf40228}: sun/net/www/protocol/jdt/Handler> (0x00000000eaf40228) 
thrown [s\src\hotspot\share\classfile\systemDictionary.cpp, line 256]
Event: 1023.094 Thread 0x0000022d5e231b70 Exception <a 'java/lang/ClassNotFoundException'{0x00000000eaf426c8}: sun/net/www/protocol/jdt/Handler> (0x00000000eaf426c8) 
thrown [s\src\hotspot\share\classfile\systemDictionary.cpp, line 256]
Event: 1023.095 Thread 0x0000022d5e231b70 Exception <a 'java/lang/ClassNotFoundException'{0x00000000eaf48530}: sun/net/www/protocol/jdt/Handler> (0x00000000eaf48530) 
thrown [s\src\hotspot\share\classfile\systemDictionary.cpp, line 256]
Event: 1023.095 Thread 0x0000022d5e231b70 Exception <a 'java/lang/ClassNotFoundException'{0x00000000eaf4acf0}: sun/net/www/protocol/jdt/Handler> (0x00000000eaf4acf0) 
thrown [s\src\hotspot\share\classfile\systemDictionary.cpp, line 256]
Event: 1023.095 Thread 0x0000022d5e231b70 Exception <a 'java/lang/ClassNotFoundException'{0x00000000eaf4d4b0}: sun/net/www/protocol/jdt/Handler> (0x00000000eaf4d4b0) 
thrown [s\src\hotspot\share\classfile\systemDictionary.cpp, line 256]
Event: 1023.095 Thread 0x0000022d5e231b70 Exception <a 'java/lang/ClassNotFoundException'{0x00000000eaf4fc98}: sun/net/www/protocol/jdt/Handler> (0x00000000eaf4fc98) 
thrown [s\src\hotspot\share\classfile\systemDictionary.cpp, line 256]
Event: 1023.096 Thread 0x0000022d5e231b70 Exception <a 'java/lang/ClassNotFoundException'{0x00000000eaf52478}: sun/net/www/protocol/jdt/Handler> (0x00000000eaf52478) 
thrown [s\src\hotspot\share\classfile\systemDictionary.cpp, line 256]
Event: 1023.155 Thread 0x0000022d5f534f50 Exception <a 'java/lang/ArrayIndexOutOfBoundsException'{0x00000000eb153330}: Index 209 out of bounds for length 208> (0x00000000eb153330) 
thrown [s\src\hotspot\share\interpreter\interpreterRuntime.cpp, line 428]
Event: 1023.489 Thread 0x0000022d5f534020 Implicit null exception at 0x0000022d4e9843ad to 0x0000022d4e986bc4
Event: 1023.600 Thread 0x0000022d5f534020 Implicit null exception at 0x0000022d4ed0ef40 to 0x0000022d4ed157a4
Event: 1023.662 Thread 0x0000022d5f531290 Exception <a 'java/lang/ArrayIndexOutOfBoundsException'{0x00000000ec895228}> (0x00000000ec895228) 
thrown [s\src\hotspot\share\runtime\sharedRuntime.cpp, line 631]
Event: 1024.786 Thread 0x0000022d5f5330f0 Exception <a 'java/lang/ArrayIndexOutOfBoundsException'{0x00000000ec0051e0}> (0x00000000ec0051e0) 
thrown [s\src\hotspot\share\runtime\sharedRuntime.cpp, line 631]
Event: 1025.756 Thread 0x0000022d5f535460 Exception <a 'java/lang/ArrayIndexOutOfBoundsException'{0x00000000eba4da40}> (0x00000000eba4da40) 
thrown [s\src\hotspot\share\runtime\sharedRuntime.cpp, line 631]
Event: 1026.484 Thread 0x0000022d5e945930 Exception <a 'sun/nio/fs/WindowsException'{0x00000000ed54ca28}> (0x00000000ed54ca28) 
thrown [s\src\hotspot\share\prims\jni.cpp, line 516]
Event: 1026.790 Thread 0x0000022d5e945930 Exception <a 'sun/nio/fs/WindowsException'{0x00000000edc21730}> (0x00000000edc21730) 
thrown [s\src\hotspot\share\prims\jni.cpp, line 516]
Event: 1029.960 Thread 0x0000022d5e945930 Exception <a 'sun/nio/fs/WindowsException'{0x00000000ecab8f88}> (0x00000000ecab8f88) 
thrown [s\src\hotspot\share\prims\jni.cpp, line 516]
Event: 1030.441 Thread 0x0000022d5e945930 Exception <a 'sun/nio/fs/WindowsException'{0x00000000eda79e80}> (0x00000000eda79e80) 
thrown [s\src\hotspot\share\prims\jni.cpp, line 516]
Event: 1033.380 Thread 0x0000022d5e945930 Exception <a 'sun/nio/fs/WindowsException'{0x00000000edaf42c8}> (0x00000000edaf42c8) 
thrown [s\src\hotspot\share\prims\jni.cpp, line 516]

VM Operations (20 events):
Event: 1027.596 Executing VM operation: Cleanup done
Event: 1027.670 Executing VM operation: ParallelGCFailedAllocation
Event: 1027.675 Executing VM operation: ParallelGCFailedAllocation done
Event: 1028.194 Executing VM operation: ParallelGCFailedAllocation
Event: 1028.200 Executing VM operation: ParallelGCFailedAllocation done
Event: 1029.308 Executing VM operation: ParallelGCFailedAllocation
Event: 1029.314 Executing VM operation: ParallelGCFailedAllocation done
Event: 1030.111 Executing VM operation: ParallelGCFailedAllocation
Event: 1030.129 Executing VM operation: ParallelGCFailedAllocation done
Event: 1030.796 Executing VM operation: ParallelGCFailedAllocation
Event: 1030.803 Executing VM operation: ParallelGCFailedAllocation done
Event: 1031.036 Executing VM operation: HandshakeAllThreads
Event: 1031.037 Executing VM operation: HandshakeAllThreads done
Event: 1032.038 Executing VM operation: Cleanup
Event: 1032.039 Executing VM operation: Cleanup done
Event: 1033.053 Executing VM operation: Cleanup
Event: 1033.053 Executing VM operation: Cleanup done
Event: 1033.392 Executing VM operation: ParallelGCFailedAllocation
Event: 1033.401 Executing VM operation: ParallelGCFailedAllocation done
Event: 1033.567 Executing VM operation: ParallelGCFailedAllocation

Events (20 events):
Event: 1031.121 Thread 0x0000022d5cb3ede0 flushing nmethod 0x0000022d47fa8e90
Event: 1031.122 Thread 0x0000022d5cb3ede0 flushing nmethod 0x0000022d48003e10
Event: 1031.122 Thread 0x0000022d5cb3ede0 flushing nmethod 0x0000022d48046f10
Event: 1031.122 Thread 0x0000022d5cb3ede0 flushing nmethod 0x0000022d4804f210
Event: 1031.122 Thread 0x0000022d5cb3ede0 flushing nmethod 0x0000022d4805b610
Event: 1031.122 Thread 0x0000022d5cb3ede0 flushing nmethod 0x0000022d4806d790
Event: 1031.122 Thread 0x0000022d5cb3ede0 flushing nmethod 0x0000022d4808de90
Event: 1031.122 Thread 0x0000022d5cb3ede0 flushing nmethod 0x0000022d48091890
Event: 1031.173 Thread 0x0000022d5cb3ede0 flushing nmethod 0x0000022d480bec10
Event: 1031.173 Thread 0x0000022d5cb3ede0 flushing nmethod 0x0000022d480d3c90
Event: 1031.173 Thread 0x0000022d5cb3ede0 flushing nmethod 0x0000022d480e8510
Event: 1031.173 Thread 0x0000022d5cb3ede0 flushing nmethod 0x0000022d48120710
Event: 1031.174 Thread 0x0000022d5cb3ede0 flushing nmethod 0x0000022d48169510
Event: 1031.174 Thread 0x0000022d5cb3ede0 flushing nmethod 0x0000022d481b0010
Event: 1031.174 Thread 0x0000022d5cb3ede0 flushing nmethod 0x0000022d481b0390
Event: 1031.174 Thread 0x0000022d5cb3ede0 flushing nmethod 0x0000022d481b0990
Event: 1031.174 Thread 0x0000022d5cb3ede0 flushing nmethod 0x0000022d481b0f10
Event: 1031.174 Thread 0x0000022d5cb3ede0 flushing nmethod 0x0000022d48200f90
Event: 1031.174 Thread 0x0000022d5cb3ede0 flushing nmethod 0x0000022d48214390
Event: 1031.174 Thread 0x0000022d5cb3ede0 flushing nmethod 0x0000022d48249010


Dynamic libraries:
0x00007ff7c6260000 - 0x00007ff7c626e000 	c:\Users\computer care\.vscode\extensions\redhat.java-1.34.0-win32-x64\jre\17.0.12-win32-x86_64\bin\java.exe
0x00007ff9489f0000 - 0x00007ff948c07000 	C:\WINDOWS\SYSTEM32\ntdll.dll
0x00007ff9467a0000 - 0x00007ff946864000 	C:\WINDOWS\System32\KERNEL32.DLL
0x00007ff946050000 - 0x00007ff9463fd000 	C:\WINDOWS\System32\KERNELBASE.dll
0x00007ff945f00000 - 0x00007ff946011000 	C:\WINDOWS\System32\ucrtbase.dll
0x00007ff929b80000 - 0x00007ff929b97000 	c:\Users\computer care\.vscode\extensions\redhat.java-1.34.0-win32-x64\jre\17.0.12-win32-x86_64\bin\jli.dll
0x00007ff91aa70000 - 0x00007ff91aa8b000 	c:\Users\computer care\.vscode\extensions\redhat.java-1.34.0-win32-x64\jre\17.0.12-win32-x86_64\bin\VCRUNTIME140.dll
0x00007ff947190000 - 0x00007ff94733e000 	C:\WINDOWS\System32\USER32.dll
0x00007ff929d50000 - 0x00007ff929fe3000 	C:\WINDOWS\WinSxS\amd64_microsoft.windows.common-controls_6595b64144ccf1df_6.0.22621.3672_none_2713b9d173822955\COMCTL32.dll
0x00007ff946020000 - 0x00007ff946046000 	C:\WINDOWS\System32\win32u.dll
0x00007ff948470000 - 0x00007ff948517000 	C:\WINDOWS\System32\msvcrt.dll
0x00007ff947030000 - 0x00007ff947059000 	C:\WINDOWS\System32\GDI32.dll
0x00007ff945d10000 - 0x00007ff945e29000 	C:\WINDOWS\System32\gdi32full.dll
0x00007ff945e60000 - 0x00007ff945efa000 	C:\WINDOWS\System32\msvcp_win.dll
0x00007ff9478e0000 - 0x00007ff947911000 	C:\WINDOWS\System32\IMM32.DLL
0x00007ff938420000 - 0x00007ff93842c000 	c:\Users\computer care\.vscode\extensions\redhat.java-1.34.0-win32-x64\jre\17.0.12-win32-x86_64\bin\vcruntime140_1.dll
0x00007ff90bb40000 - 0x00007ff90bbcd000 	c:\Users\computer care\.vscode\extensions\redhat.java-1.34.0-win32-x64\jre\17.0.12-win32-x86_64\bin\msvcp140.dll
0x00007ff8d7330000 - 0x00007ff8d7f9a000 	c:\Users\computer care\.vscode\extensions\redhat.java-1.34.0-win32-x64\jre\17.0.12-win32-x86_64\bin\server\jvm.dll
0x00007ff947340000 - 0x00007ff9473f2000 	C:\WINDOWS\System32\ADVAPI32.dll
0x00007ff946ef0000 - 0x00007ff946f99000 	C:\WINDOWS\System32\sechost.dll
0x00007ff945e30000 - 0x00007ff945e58000 	C:\WINDOWS\System32\bcrypt.dll
0x00007ff947060000 - 0x00007ff947174000 	C:\WINDOWS\System32\RPCRT4.dll
0x00007ff947920000 - 0x00007ff947991000 	C:\WINDOWS\System32\WS2_32.dll
0x00007ff945bd0000 - 0x00007ff945c1d000 	C:\WINDOWS\SYSTEM32\POWRPROF.dll
0x00007ff9408e0000 - 0x00007ff940914000 	C:\WINDOWS\SYSTEM32\WINMM.dll
0x00007ff941e30000 - 0x00007ff941e3a000 	C:\WINDOWS\SYSTEM32\VERSION.dll
0x00007ff945bb0000 - 0x00007ff945bc3000 	C:\WINDOWS\SYSTEM32\UMPDC.dll
0x00007ff943e60000 - 0x00007ff943e78000 	C:\WINDOWS\SYSTEM32\kernel.appcore.dll
0x00007ff9382c0000 - 0x00007ff9382ca000 	c:\Users\computer care\.vscode\extensions\redhat.java-1.34.0-win32-x64\jre\17.0.12-win32-x86_64\bin\jimage.dll
0x00007ff945570000 - 0x00007ff9457a2000 	C:\WINDOWS\SYSTEM32\DBGHELP.DLL
0x00007ff946870000 - 0x00007ff946bfd000 	C:\WINDOWS\System32\combase.dll
0x00007ff946dc0000 - 0x00007ff946e97000 	C:\WINDOWS\System32\OLEAUT32.dll
0x00007ff945460000 - 0x00007ff945492000 	C:\WINDOWS\SYSTEM32\dbgcore.DLL
0x00007ff946400000 - 0x00007ff94647b000 	C:\WINDOWS\System32\bcryptPrimitives.dll
0x00007ff936d80000 - 0x00007ff936d8e000 	c:\Users\computer care\.vscode\extensions\redhat.java-1.34.0-win32-x64\jre\17.0.12-win32-x86_64\bin\instrument.dll
0x00007ff90d0e0000 - 0x00007ff90d105000 	c:\Users\computer care\.vscode\extensions\redhat.java-1.34.0-win32-x64\jre\17.0.12-win32-x86_64\bin\java.dll
0x00007ff911aa0000 - 0x00007ff911ab8000 	c:\Users\computer care\.vscode\extensions\redhat.java-1.34.0-win32-x64\jre\17.0.12-win32-x86_64\bin\zip.dll
0x00007ff947b00000 - 0x00007ff948368000 	C:\WINDOWS\System32\SHELL32.dll
0x00007ff942d40000 - 0x00007ff94363e000 	C:\WINDOWS\SYSTEM32\windows.storage.dll
0x00007ff942c00000 - 0x00007ff942d3f000 	C:\WINDOWS\SYSTEM32\wintypes.dll
0x00007ff9477e0000 - 0x00007ff9478d9000 	C:\WINDOWS\System32\SHCORE.dll
0x00007ff947470000 - 0x00007ff9474ce000 	C:\WINDOWS\System32\shlwapi.dll
0x00007ff945c40000 - 0x00007ff945c61000 	C:\WINDOWS\SYSTEM32\profapi.dll
0x00007ff90bb20000 - 0x00007ff90bb39000 	C:\Users\computer care\.vscode\extensions\redhat.java-1.34.0-win32-x64\jre\17.0.12-win32-x86_64\bin\net.dll
0x00007ff941420000 - 0x00007ff941556000 	C:\WINDOWS\SYSTEM32\WINHTTP.dll
0x00007ff944380000 - 0x00007ff9443e9000 	C:\WINDOWS\system32\mswsock.dll
0x00007ff90bb00000 - 0x00007ff90bb16000 	C:\Users\computer care\.vscode\extensions\redhat.java-1.34.0-win32-x64\jre\17.0.12-win32-x86_64\bin\nio.dll
0x00007ff92c0f0000 - 0x00007ff92c100000 	c:\Users\computer care\.vscode\extensions\redhat.java-1.34.0-win32-x64\jre\17.0.12-win32-x86_64\bin\verify.dll
0x00007ff90ba60000 - 0x00007ff90baa5000 	C:\Users\computer care\AppData\Roaming\Code\User\globalStorage\redhat.java\1.34.0\config_win\org.eclipse.equinox.launcher\org.eclipse.equinox.launcher.win32.win32.x86_64_1.2.1100.v20240722-2106\eclipse_11904.dll
0x00007ff9474d0000 - 0x00007ff947675000 	C:\WINDOWS\System32\ole32.dll
0x00007ff9258c0000 - 0x00007ff9258c9000 	C:\Users\computer care\.vscode\extensions\redhat.java-1.34.0-win32-x64\jre\17.0.12-win32-x86_64\bin\management.dll
0x00007ff923a90000 - 0x00007ff923a9b000 	C:\Users\computer care\.vscode\extensions\redhat.java-1.34.0-win32-x64\jre\17.0.12-win32-x86_64\bin\management_ext.dll
0x00007ff9479c0000 - 0x00007ff9479c8000 	C:\WINDOWS\System32\PSAPI.DLL
0x00007ff9458b0000 - 0x00007ff9458cb000 	C:\WINDOWS\SYSTEM32\CRYPTSP.dll
0x00007ff943dc0000 - 0x00007ff943df5000 	C:\WINDOWS\system32\rsaenh.dll
0x00007ff944d00000 - 0x00007ff944d28000 	C:\WINDOWS\SYSTEM32\USERENV.dll
0x00007ff944d30000 - 0x00007ff944d3c000 	C:\WINDOWS\SYSTEM32\CRYPTBASE.dll
0x00007ff9438e0000 - 0x00007ff94390d000 	C:\WINDOWS\SYSTEM32\IPHLPAPI.DLL
0x00007ff947400000 - 0x00007ff947409000 	C:\WINDOWS\System32\NSI.dll
0x00007ff941060000 - 0x00007ff941079000 	C:\WINDOWS\SYSTEM32\dhcpcsvc6.DLL
0x00007ff941020000 - 0x00007ff94103f000 	C:\WINDOWS\SYSTEM32\dhcpcsvc.DLL
0x00007ff943910000 - 0x00007ff943a08000 	C:\WINDOWS\SYSTEM32\DNSAPI.dll
0x00007ff90b990000 - 0x00007ff90b9d5000 	C:\Users\computer care\AppData\Local\Temp\jna-1355949302\jna7838041537420878214.dll
0x00007ff923910000 - 0x00007ff92391e000 	C:\Users\computer care\.vscode\extensions\redhat.java-1.34.0-win32-x64\jre\17.0.12-win32-x86_64\bin\sunmscapi.dll
0x00007ff9465b0000 - 0x00007ff946717000 	C:\WINDOWS\System32\CRYPT32.dll
0x00007ff944ec0000 - 0x00007ff944eee000 	C:\WINDOWS\SYSTEM32\ncrypt.dll
0x00007ff944e80000 - 0x00007ff944eb7000 	C:\WINDOWS\SYSTEM32\NTASN1.dll
0x00007ff92a110000 - 0x00007ff92a11a000 	C:\Windows\System32\rasadhlp.dll
0x00007ff9406f0000 - 0x00007ff940773000 	C:\WINDOWS\System32\fwpuclnt.dll
0x00007ff923660000 - 0x00007ff923669000 	C:\Users\computer care\.vscode\extensions\redhat.java-1.34.0-win32-x64\jre\17.0.12-win32-x86_64\bin\extnet.dll
0x00007ff945530000 - 0x00007ff945564000 	C:\WINDOWS\SYSTEM32\ntmarta.dll

dbghelp: loaded successfully - version: 4.0.5 - missing functions: none
symbol engine: initialized successfully - sym options: 0x614 - pdb path: .;c:\Users\computer care\.vscode\extensions\redhat.java-1.34.0-win32-x64\jre\17.0.12-win32-x86_64\bin;C:\WINDOWS\SYSTEM32;C:\WINDOWS\WinSxS\amd64_microsoft.windows.common-controls_6595b64144ccf1df_6.0.22621.3672_none_2713b9d173822955;c:\Users\computer care\.vscode\extensions\redhat.java-1.34.0-win32-x64\jre\17.0.12-win32-x86_64\bin\server;C:\Users\computer care\AppData\Roaming\Code\User\globalStorage\redhat.java\1.34.0\config_win\org.eclipse.equinox.launcher\org.eclipse.equinox.launcher.win32.win32.x86_64_1.2.1100.v20240722-2106;C:\Users\computer care\AppData\Local\Temp\jna-1355949302

VM Arguments:
jvm_args: --add-modules=ALL-SYSTEM --add-opens=java.base/java.util=ALL-UNNAMED --add-opens=java.base/java.lang=ALL-UNNAMED --add-opens=java.base/sun.nio.fs=ALL-UNNAMED -Declipse.application=org.eclipse.jdt.ls.core.id1 -Dosgi.bundles.defaultStartLevel=4 -Declipse.product=org.eclipse.jdt.ls.core.product -Djava.import.generatesMetadataFilesAtProjectRoot=false -DDetectVMInstallationsJob.disabled=true -Dfile.encoding=utf8 -XX:+UseParallelGC -XX:GCTimeRatio=4 -XX:AdaptiveSizePolicyWeight=90 -Dsun.zip.disableMemoryMapping=true -Xmx1G -Xms100m -Xlog:disable -javaagent:c:\Users\computer care\.vscode\extensions\redhat.java-1.34.0-win32-x64\lombok\lombok-1.18.33.jar -XX:+HeapDumpOnOutOfMemoryError -XX:HeapDumpPath=c:\Users\computer care\AppData\Roaming\Code\User\workspaceStorage\7844d89879a66ceccbbd28a4b3e85d32\redhat.java -Daether.dependencyCollector.impl=bf 
java_command: c:\Users\computer care\.vscode\extensions\redhat.java-1.34.0-win32-x64\server\plugins\org.eclipse.equinox.launcher_1.6.900.v20240613-2009.jar -configuration c:\Users\computer care\AppData\Roaming\Code\User\globalStorage\redhat.java\1.34.0\config_win -data c:\Users\computer care\AppData\Roaming\Code\User\workspaceStorage\7844d89879a66ceccbbd28a4b3e85d32\redhat.java\jdt_ws --pipe=\\.\pipe\lsp-dc2466afdaf424d43b758a140d5b3726-sock
java_class_path (initial): c:\Users\computer care\.vscode\extensions\redhat.java-1.34.0-win32-x64\server\plugins\org.eclipse.equinox.launcher_1.6.900.v20240613-2009.jar
Launcher Type: SUN_STANDARD

[Global flags]
    uintx AdaptiveSizePolicyWeight                 = 90                                        {product} {command line}
     intx CICompilerCount                          = 4                                         {product} {ergonomic}
    uintx GCTimeRatio                              = 4                                         {product} {command line}
     bool HeapDumpOnOutOfMemoryError               = true                                   {manageable} {command line}
    ccstr HeapDumpPath                             = c:\Users\computer care\AppData\Roaming\Code\User\workspaceStorage\7844d89879a66ceccbbd28a4b3e85d32\redhat.java         {manageable} {command line}
   size_t InitialHeapSize                          = 104857600                                 {product} {command line}
   size_t MaxHeapSize                              = 1073741824                                {product} {command line}
   size_t MaxNewSize                               = 357564416                                 {product} {ergonomic}
   size_t MinHeapDeltaBytes                        = 524288                                    {product} {ergonomic}
   size_t MinHeapSize                              = 104857600                                 {product} {command line}
   size_t NewSize                                  = 34603008                                  {product} {ergonomic}
    uintx NonNMethodCodeHeapSize                   = 5839372                                {pd product} {ergonomic}
    uintx NonProfiledCodeHeapSize                  = 122909434                              {pd product} {ergonomic}
   size_t OldSize                                  = 70254592                                  {product} {ergonomic}
    uintx ProfiledCodeHeapSize                     = 122909434                              {pd product} {ergonomic}
    uintx ReservedCodeCacheSize                    = 251658240                              {pd product} {ergonomic}
     bool SegmentedCodeCache                       = true                                      {product} {ergonomic}
   size_t SoftMaxHeapSize                          = 1073741824                             {manageable} {ergonomic}
     bool UseCompressedClassPointers               = true                           {product lp64_product} {ergonomic}
     bool UseCompressedOops                        = true                           {product lp64_product} {ergonomic}
     bool UseLargePagesIndividualAllocation        = false                                  {pd product} {ergonomic}
     bool UseParallelGC                            = true                                      {product} {command line}

Logging:
Log output configuration:
 #0: stdout all=off uptime,level,tags
 #1: stderr all=off uptime,level,tags

Environment Variables:
PATH=C:\Program Files\Common Files\Oracle\Java\javapath;C:\WINDOWS\system32;C:\WINDOWS;C:\WINDOWS\System32\Wbem;C:\WINDOWS\System32\WindowsPowerShell\v1.0\;C:\WINDOWS\System32\OpenSSH\;C:\Program Files (x86)\Microsoft SQL Server\160\DTS\Binn\;C:\Program Files\Azure Data Studio\bin;C:\Program Files\nodejs\;C:\cygwin64\bin;C:\Program Files\dotnet\;C:\Program Files\Git\cmd;C:\Users\computer care\AppData\Local\Programs\Python\Python312\Scripts\;C:\Users\computer care\AppData\Local\Programs\Python\Python312\;C:\Users\computer care\AppData\Local\Programs\Python\Launcher\;C:\Program Files\MySQL\MySQL Shell 8.0\bin\;C:\Users\computer care\AppData\Local\Microsoft\WindowsApps;C:\Users\computer care\AppData\Local\Programs\Microsoft VS Code\bin;C:\Program Files\Azure Data Studio\bin;C:\Users\computer care\AppData\Roaming\npm;C:\Users\computer care\Desktop\jdk-20\bin;C:\cygwin64\bin;;C:\Program Files\JetBrains\IntelliJ IDEA 2024.2.0.1\bin;;C:\Program Files\JetBrains\IntelliJ IDEA Community Edition 2024.2.0.1\bin;
USERNAME=computer care
OS=Windows_NT
PROCESSOR_IDENTIFIER=Intel64 Family 6 Model 142 Stepping 12, GenuineIntel
TMP=C:\Users\COMPUT~1\AppData\Local\Temp
TEMP=C:\Users\COMPUT~1\AppData\Local\Temp



Periodic native trim disabled


---------------  S Y S T E M  ---------------

OS:
 Windows 11 , 64 bit Build 22621 (10.0.22621.3958)
OS uptime: 4 days 22:38 hours

CPU: total 8 (initial active 8) (4 cores per cpu, 2 threads per core) family 6 model 142 stepping 12 microcode 0xea, cx8, cmov, fxsr, ht, mmx, 3dnowpref, sse, sse2, sse3, ssse3, sse4.1, sse4.2, popcnt, lzcnt, tsc, tscinvbit, avx, avx2, aes, erms, clmul, bmi1, bmi2, adx, fma, vzeroupper, clflush, clflushopt
Processor Information for all 8 processors :
  Max Mhz: 2112, Current Mhz: 1609, Mhz Limit: 1605

Memory: 4k page, system-wide physical 3899M (100M free)
TotalPageFile size 15675M (AvailPageFile size 5561M)
current process WorkingSet (physical memory assigned to process): 240M, peak: 579M
current process commit charge ("private bytes"): 892M, peak: 892M

vm_info: OpenJDK 64-Bit Server VM (17.0.12+7) for windows-amd64 JRE (17.0.12+7), built on Jul 16 2024 22:08:24 by "admin" with MS VC++ 16.10 / 16.11 (VS2019)

END.
