#
# A fatal error has been detected by the Java Runtime Environment:
#
#  EXCEPTION_ACCESS_VIOLATION (0xc0000005) at pc=0x00007ff8c31e4491, pid=1484, tid=11492
#
# JRE version: Java(TM) SE Runtime Environment (22.0.2+9) (build 22.0.2+9-70)
# Java VM: Java HotSpot(TM) 64-Bit Server VM (22.0.2+9-70, mixed mode, sharing, tiered, compressed oops, compressed class ptrs, g1 gc, windows-amd64)
# Problematic frame:
# V  [jvm.dll+0x344491]
#
# No core dump will be written. Minidumps are not enabled by default on client versions of Windows
#
# If you would like to submit a bug report, please visit:
#   https://bugreport.java.com/bugreport/crash.jsp
#

---------------  S U M M A R Y ------------

Command Line: -XX:+ShowCodeDetailsInExceptionMessages com.contact.ContactManager.ContactManagerApplication

Host: Intel(R) Core(TM) i5-10210U CPU @ 1.60GHz, 8 cores, 3G,  Windows 11 , 64 bit Build 22621 (10.0.22621.3958)
Time: Sun Sep 15 18:08:44 2024 India Standard Time elapsed time: 365.323324 seconds (0d 0h 6m 5s)

---------------  T H R E A D  ---------------

Current thread (0x00000218a49ab7e0):  WorkerThread "GC Thread#5"    [id=11492, stack(0x0000006de3300000,0x0000006de3400000) (1024K)]

Stack: [0x0000006de3300000,0x0000006de3400000],  sp=0x0000006de33ffba0,  free space=1022k
Native frames: (J=compiled Java code, j=interpreted, Vv=VM code, C=native code)
V  [jvm.dll+0x344491]  (no source info available)
V  [jvm.dll+0x3424aa]  (no source info available)
V  [jvm.dll+0x349b6d]  (no source info available)
V  [jvm.dll+0x3495de]  (no source info available)
V  [jvm.dll+0x3493ae]  (no source info available)
V  [jvm.dll+0x348d3b]  (no source info available)
V  [jvm.dll+0x8a4bb7]  (no source info available)
V  [jvm.dll+0x81dc0b]  (no source info available)
V  [jvm.dll+0x6e0d85]  (no source info available)
C  [ucrtbase.dll+0x29333]  (no source info available)
C  [KERNEL32.DLL+0x1257d]  (no source info available)
C  [ntdll.dll+0x5af28]  (no source info available)


siginfo: EXCEPTION_ACCESS_VIOLATION (0xc0000005), reading address 0x000002192338c4fc


Registers:
RAX=0x000002192338c4f0, RBX=0x00000000c438c4e0, RCX=0x0000000000000000, RDX=0x000000000000006f
RSP=0x0000006de33ffba0, RBP=0x00000000c407fda4, RSI=0x00000218a45ff570, RDI=0x00000218a45ff570
R8 =0x000002185b33e310, R9 =0x0000000000000009, R10=0x0000000000000047, R11=0x0000000000000004
R12=0x000002185f15af48, R13=0x00000000c407fd88, R14=0x000002185f15af40, R15=0x00000218a45ffb20
RIP=0x00007ff8c31e4491, EFLAGS=0x0000000000010206


Register to memory mapping:

RAX=0x000002192338c4f0 is an unknown value
RBX=0x00000000c438c4e0 is pointing into object: java.math.BigInteger 
{0x00000000c438c4c8} - klass: 'java/math/BigInteger'
 - ---- fields (total size 5 words):
 - final 'signum' 'I' @12  1 (0x00000001)
 - private 'bitCountPlusOne' 'I' @16  0 (0x00000000)
 - private 'bitLengthPlusOne' 'I' @20  225 (0x000000e1)
 - private 'lowestSetBitPlusTwo' 'I' @24  0 (0x00000000)
 - private 'firstNonzeroIntNumPlusTwo' 'I' @28  0 (0x00000000)
 - final 'mag' '[I' @32  [I{0x00000000c438c4f0} (0xc438c4f0)
RCX=0x0 is null
RDX=0x000000000000006f is an unknown value
RSP=0x0000006de33ffba0 points into unknown readable memory: 0x00000000c438c4e0 | e0 c4 38 c4 00 00 00 00
RBP=0x00000000c407fda4 is pointing into object: java.util.HashMap$Node 
{0x00000000c407fd88} - klass: 'java/util/HashMap$Node'
 - ---- fields (total size 4 words):
 - final 'hash' 'I' @12  -815086397 (0xcf6ac4c3)
 - final 'key' 'Ljava/lang/Object;' @16  
[error occurred during error reporting (printing register info), id 0xc0000005, EXCEPTION_ACCESS_VIOLATION (0xc0000005) at pc=0x00007ff8c356da20]
RSI=0x00000218a45ff570 points into unknown readable memory: 0x0000006de22ff1b0 | b0 f1 2f e2 6d 00 00 00
RDI=0x00000218a45ff570 points into unknown readable memory: 0x0000006de22ff1b0 | b0 f1 2f e2 6d 00 00 00
R8 =0x000002185b33e310 points into unknown readable memory: 0x2410821052884242 | 42 42 88 52 10 82 10 24
R9 =0x0000000000000009 is an unknown value
R10=0x0000000000000047 is an unknown value
R11=0x0000000000000004 is an unknown value
R12={method} {0x000002185f15af50} 'equals' '(Ljava/lang/Object;)Z' in 'java/util/HashMap$Node'
R13=0x00000000c407fd88 is an oop: java.util.HashMap$Node 
{0x00000000c407fd88} - klass: 'java/util/HashMap$Node'
 - ---- fields (total size 4 words):
 - final 'hash' 'I' @12  -815086397 (0xcf6ac4c3)
 - final 'key' 'Ljava/lang/Object;' @16  
[error occurred during error reporting (printing register info, attempt 2), id 0xc0000005, EXCEPTION_ACCESS_VIOLATION (0xc0000005) at pc=0x00007ff8c356da20]
R14=0x000002185f15af40 is pointing into metadata
R15=0x00000218a45ffb20 points into unknown readable memory: 0x00007ff8c3894160 | 60 41 89 c3 f8 7f 00 00

Top of Stack: (sp=0x0000006de33ffba0)
0x0000006de33ffba0:   00000000c438c4e0 00007ff8c31e2f01
0x0000006de33ffbb0:   0000000000000001 00000000c3e2d868
0x0000006de33ffbc0:   00000000c438c4e0 0000000000000000
0x0000006de33ffbd0:   00000000c438c4e0 00007ff8c31e24aa
0x0000006de33ffbe0:   00000218a45ff570 00000000c407fd98
0x0000006de33ffbf0:   00000218a45ff570 00007ff8c31e4389
0x0000006de33ffc00:   000000000000000c 00007ff8c3a7d330
0x0000006de33ffc10:   0000000000000000 0000006de22ff3b0
0x0000006de33ffc20:   00000218a45ff570 00007ff8c31e9b6d
0x0000006de33ffc30:   0000000000000000 000000000000005b
0x0000006de33ffc40:   00000000c407fd88 00000000c34000f0
0x0000006de33ffc50:   000000000000000c 0000000000000000
0x0000006de33ffc60:   000000000000000c 00007ff8c3a7d330
0x0000006de33ffc70:   00000218a45ff570 00007ff8c31e95de
0x0000006de33ffc80:   0000006de22fe990 00007ff8c36942c9
0x0000006de33ffc90:   0000000000000400 00007ff8c31e9de2
0x0000006de33ffca0:   00000000c407a630 00007ff8c31e8e9e
0x0000006de33ffcb0:   0000000000000000 0000000000000000
0x0000006de33ffcc0:   0000000000000400 000000000000000c
0x0000006de33ffcd0:   0000006de22ff398 0000006de22fe990
0x0000006de33ffce0:   00000218a45ff570 00007ff8c31e93ae
0x0000006de33ffcf0:   00000218a45ff570 0000000000000000
0x0000006de33ffd00:   00007ff8c3a7d330 0000006de22fe830
0x0000006de33ffd10:   00000000c4079628 0000006d00000000
0x0000006de33ffd20:   0000000000000001 00000218a45ff570
0x0000006de33ffd30:   00000000000003d8 00000218a40f6968
0x0000006de33ffd40:   00000218a40f6590 00007ff8c31e8d3b
0x0000006de33ffd50:   000000070000000f 00000218a40f6580
0x0000006de33ffd60:   00000218a4cf8b30 0000006de22fe830
0x0000006de33ffd70:   0000000000000007 00000000000005f0
0x0000006de33ffd80:   00000000d9b259a2 000000b3960c250e
0x0000006de33ffd90:   00000000d9b259a2 000000b3960c250e 

Instructions: (pc=0x00007ff8c31e4491)
0x00007ff8c31e4391:   48 48 83 c4 30 5f c3 48 8b 07 48 8b d3 8b 88 10
0x00007ff8c31e43a1:   03 00 00 48 8b 80 00 03 00 00 48 d3 ea 80 3c 02
0x00007ff8c31e43b1:   00 75 67 48 8b 03 0f b6 c8 48 89 74 24 40 48 8b
0x00007ff8c31e43c1:   b7 a8 05 00 00 80 e1 03 80 f9 01 75 0f 48 b9 00
0x00007ff8c31e43d1:   ff ff ff 7f 00 00 00 48 85 c1 74 39 48 8b 56 20
0x00007ff8c31e43e1:   48 89 5c 24 20 48 89 44 24 28 48 3b 56 08 75 0a
0x00007ff8c31e43f1:   48 8b ce e8 27 31 f4 ff 33 d2 48 8b 46 38 48 8b
0x00007ff8c31e4401:   ca 0f 28 44 24 20 48 03 c9 0f 11 04 c8 48 8d 42
0x00007ff8c31e4411:   01 48 89 46 20 48 8b 74 24 40 80 3d 6f e4 92 00
0x00007ff8c31e4421:   00 74 4b 48 85 db 74 46 80 3d fb 93 89 00 00 74
0x00007ff8c31e4431:   15 8b 43 08 8b 0d cd 5a 8f 00 48 d3 e0 48 03 05
0x00007ff8c31e4441:   bb 5a 8f 00 eb 04 48 8b 43 08 48 3b 05 76 cf 94
0x00007ff8c31e4451:   00 75 1b 48 8b cb e8 94 6a 02 00 84 c0 74 0f 48
0x00007ff8c31e4461:   8d 8f 00 06 00 00 48 8b d3 e8 e1 a4 42 00 80 3d
0x00007ff8c31e4471:   b5 93 89 00 00 74 15 8b 43 08 8b 0d 87 5a 8f 00
0x00007ff8c31e4481:   48 d3 e0 48 03 05 75 5a 8f 00 eb 04 48 8b 43 08
0x00007ff8c31e4491:   83 78 0c 04 75 17 48 63 05 4a 5d 8f 00 0f b6 04
0x00007ff8c31e44a1:   18 a8 08 75 08 48 8b cb e8 22 30 42 00 48 8d 8f
0x00007ff8c31e44b1:   20 06 00 00 48 8b d3 e8 43 c7 01 00 48 8b 5c 24
0x00007ff8c31e44c1:   48 b0 01 48 83 c4 30 5f c3 cc cc cc cc cc cc 48
0x00007ff8c31e44d1:   89 5c 24 10 48 89 74 24 18 48 89 7c 24 20 55 41
0x00007ff8c31e44e1:   56 41 57 48 8d ac 24 60 fc ff ff 48 81 ec a0 04
0x00007ff8c31e44f1:   00 00 48 8b 05 be 1f 8c 00 48 33 c4 48 89 85 90
0x00007ff8c31e4501:   03 00 00 4c 8b f1 48 83 c1 08 e8 f0 4b d4 ff 4c
0x00007ff8c31e4511:   8b c0 c6 44 24 20 00 41 b9 0b 00 00 00 48 8d 15
0x00007ff8c31e4521:   83 f8 6a 00 48 8d 4d 40 e8 52 ee ff ff 49 8b d6
0x00007ff8c31e4531:   48 8d 8d d0 00 00 00 e8 83 46 00 00 49 8b 0e 48
0x00007ff8c31e4541:   8d 95 d0 00 00 00 45 8b 86 d0 01 00 00 48 8b 49
0x00007ff8c31e4551:   78 e8 c9 06 56 00 48 8d 8d 30 02 00 00 e8 9d fa
0x00007ff8c31e4561:   4a 00 48 8d 8d f0 00 00 00 e8 91 f7 ff ff 49 8b
0x00007ff8c31e4571:   06 41 8b 96 d0 01 00 00 48 8b 88 48 05 00 00 8b
0x00007ff8c31e4581:   79 28 e8 c8 41 3e 00 49 8d 4e 08 e8 6f 4b d4 ff 


Stack slot to memory mapping:

stack at sp + 0 slots: 0x00000000c438c4e0 is pointing into object: java.math.BigInteger 
{0x00000000c438c4c8} - klass: 'java/math/BigInteger'
 - ---- fields (total size 5 words):
 - final 'signum' 'I' @12  1 (0x00000001)
 - private 'bitCountPlusOne' 'I' @16  0 (0x00000000)
 - private 'bitLengthPlusOne' 'I' @20  225 (0x000000e1)
 - private 'lowestSetBitPlusTwo' 'I' @24  0 (0x00000000)
 - private 'firstNonzeroIntNumPlusTwo' 'I' @28  0 (0x00000000)
 - final 'mag' '[I' @32  [I{0x00000000c438c4f0} (0xc438c4f0)
stack at sp + 1 slots: 0x00007ff8c31e2f01 jvm.dll
stack at sp + 2 slots: 0x0000000000000001 is an unknown value
stack at sp + 3 slots: 0x00000000c3e2d868 is an oop: java.lang.ref.SoftReference 
{0x00000000c3e2d868} - klass: 'java/lang/ref/SoftReference'
 - ---- fields (total size 5 words):
 - private 'referent' 'Ljava/lang/Object;' @12  a 'java/lang/invoke/DirectMethodHandle'{0x00000000c3e2d890} (0xc3e2d890)
 - volatile 'queue' 'Ljava/lang/ref/ReferenceQueue;' @16  a 'java/lang/ref/ReferenceQueue$Null'{0x00000000c3418770} (0xc3418770)
 - volatile 'next' 'Ljava/lang/ref/Reference;' @20  null (0x00000000)
 - private transient 'discovered' 'Ljava/lang/ref/Reference;' @24  null (0x00000000)
 - private 'timestamp' 'J' @32  51243690 (0x00000000030deaaa)
stack at sp + 4 slots: 0x00000000c438c4e0 is pointing into object: java.math.BigInteger 
{0x00000000c438c4c8} - klass: 'java/math/BigInteger'
 - ---- fields (total size 5 words):
 - final 'signum' 'I' @12  1 (0x00000001)
 - private 'bitCountPlusOne' 'I' @16  0 (0x00000000)
 - private 'bitLengthPlusOne' 'I' @20  225 (0x000000e1)
 - private 'lowestSetBitPlusTwo' 'I' @24  0 (0x00000000)
 - private 'firstNonzeroIntNumPlusTwo' 'I' @28  0 (0x00000000)
 - final 'mag' '[I' @32  [I{0x00000000c438c4f0} (0xc438c4f0)
stack at sp + 5 slots: 0x0 is null
stack at sp + 6 slots: 0x00000000c438c4e0 is pointing into object: java.math.BigInteger 
{0x00000000c438c4c8} - klass: 'java/math/BigInteger'
 - ---- fields (total size 5 words):
 - final 'signum' 'I' @12  1 (0x00000001)
 - private 'bitCountPlusOne' 'I' @16  0 (0x00000000)
 - private 'bitLengthPlusOne' 'I' @20  225 (0x000000e1)
 - private 'lowestSetBitPlusTwo' 'I' @24  0 (0x00000000)
 - private 'firstNonzeroIntNumPlusTwo' 'I' @28  0 (0x00000000)
 - final 'mag' '[I' @32  [I{0x00000000c438c4f0} (0xc438c4f0)
stack at sp + 7 slots: 0x00007ff8c31e24aa jvm.dll


---------------  P R O C E S S  ---------------

Threads class SMR info:
_java_thread_list=0x00000218a8467fe0, length=19, elements={
0x000002185ec18f30, 0x000002185ec19c50, 0x000002185ec1d520, 0x000002185ec1e850,
0x000002185ec202c0, 0x000002185ec20d20, 0x000002185ec23e20, 0x000002185ec27820,
0x00000218a40cd070, 0x00000218a40d8240, 0x00000218a5146e20, 0x00000218a85898f0,
0x00000218a8585750, 0x00000218a8583680, 0x00000218a8585de0, 0x00000218a8587eb0,
0x00000218a858aca0, 0x00000218a8588540, 0x00000218a632d970
}

Java Threads: ( => current thread )
  0x000002185ec18f30 JavaThread "Reference Handler"          daemon [_thread_blocked, id=7128, stack(0x0000006de2300000,0x0000006de2400000) (1024K)]
  0x000002185ec19c50 JavaThread "Finalizer"                  daemon [_thread_blocked, id=12416, stack(0x0000006de2400000,0x0000006de2500000) (1024K)]
  0x000002185ec1d520 JavaThread "Signal Dispatcher"          daemon [_thread_blocked, id=1976, stack(0x0000006de2500000,0x0000006de2600000) (1024K)]
  0x000002185ec1e850 JavaThread "Attach Listener"            daemon [_thread_blocked, id=3600, stack(0x0000006de2600000,0x0000006de2700000) (1024K)]
  0x000002185ec202c0 JavaThread "Service Thread"             daemon [_thread_blocked, id=11388, stack(0x0000006de2700000,0x0000006de2800000) (1024K)]
  0x000002185ec20d20 JavaThread "Monitor Deflation Thread"   daemon [_thread_blocked, id=12856, stack(0x0000006de2800000,0x0000006de2900000) (1024K)]
  0x000002185ec23e20 JavaThread "C2 CompilerThread0"         daemon [_thread_blocked, id=9832, stack(0x0000006de2900000,0x0000006de2a00000) (1024K)]
  0x000002185ec27820 JavaThread "C1 CompilerThread0"         daemon [_thread_blocked, id=3012, stack(0x0000006de2a00000,0x0000006de2b00000) (1024K)]
  0x00000218a40cd070 JavaThread "Notification Thread"        daemon [_thread_blocked, id=6024, stack(0x0000006de2b00000,0x0000006de2c00000) (1024K)]
  0x00000218a40d8240 JavaThread "Common-Cleaner"             daemon [_thread_blocked, id=13660, stack(0x0000006de2c00000,0x0000006de2d00000) (1024K)]
  0x00000218a5146e20 JavaThread "WindowsStreamPump"          daemon [_thread_blocked, id=8440, stack(0x0000006de3500000,0x0000006de3600000) (1024K)]
  0x00000218a85898f0 JavaThread "DestroyJavaVM"                     [_thread_blocked, id=9536, stack(0x0000006de1b00000,0x0000006de1c00000) (1024K)]
  0x00000218a8585750 JavaThread "File Watcher"               daemon [_thread_blocked, id=9136, stack(0x0000006de2d00000,0x0000006de2e00000) (1024K)]
  0x00000218a8583680 JavaThread "File Watcher"               daemon [_thread_blocked, id=8256, stack(0x0000006de1a00000,0x0000006de1b00000) (1024K)]
  0x00000218a8585de0 JavaThread "File Watcher"               daemon [_thread_blocked, id=7340, stack(0x0000006de2e00000,0x0000006de2f00000) (1024K)]
  0x00000218a8587eb0 JavaThread "PostgreSQL-JDBC-Cleaner"    daemon [_thread_blocked, id=5012, stack(0x0000006de3d00000,0x0000006de3e00000) (1024K)]
  0x00000218a858aca0 JavaThread "File Watcher"               daemon [_thread_blocked, id=8804, stack(0x0000006de3400000,0x0000006de3500000) (1024K)]
  0x00000218a8588540 JavaThread "File Watcher"               daemon [_thread_blocked, id=3344, stack(0x0000006de3900000,0x0000006de3a00000) (1024K)]
  0x00000218a632d970 JavaThread "Thread-21"                         [_thread_blocked, id=5088, stack(0x0000006de1900000,0x0000006de1a00000) (1024K)]
Total: 19

Other Threads:
  0x000002185ebfc7e0 VMThread "VM Thread"                           [id=1224, stack(0x0000006de2200000,0x0000006de2300000) (1024K)]
  0x000002184394e130 WatcherThread "VM Periodic Task Thread"        [id=10452, stack(0x0000006de2100000,0x0000006de2200000) (1024K)]
  0x00000218438de510 WorkerThread "GC Thread#0"                     [id=644, stack(0x0000006de1c00000,0x0000006de1d00000) (1024K)]
  0x00000218a496f490 WorkerThread "GC Thread#1"                     [id=10592, stack(0x0000006de2f00000,0x0000006de3000000) (1024K)]
  0x00000218a496f840 WorkerThread "GC Thread#2"                     [id=1580, stack(0x0000006de3000000,0x0000006de3100000) (1024K)]
  0x00000218a496fbf0 WorkerThread "GC Thread#3"                     [id=8960, stack(0x0000006de3100000,0x0000006de3200000) (1024K)]
  0x00000218a49ab430 WorkerThread "GC Thread#4"                     [id=10340, stack(0x0000006de3200000,0x0000006de3300000) (1024K)]
=>0x00000218a49ab7e0 WorkerThread "GC Thread#5"                     [id=11492, stack(0x0000006de3300000,0x0000006de3400000) (1024K)]
  0x00000218a5216060 WorkerThread "GC Thread#6"                     [id=9200, stack(0x0000006de3600000,0x0000006de3700000) (1024K)]
  0x00000218a5030530 WorkerThread "GC Thread#7"                     [id=5472, stack(0x0000006de3700000,0x0000006de3800000) (1024K)]
  0x00000218438e6f00 ConcurrentGCThread "G1 Main Marker"            [id=2228, stack(0x0000006de1d00000,0x0000006de1e00000) (1024K)]
  0x00000218438e7a10 WorkerThread "G1 Conc#0"                       [id=1336, stack(0x0000006de1e00000,0x0000006de1f00000) (1024K)]
  0x00000218a57053b0 WorkerThread "G1 Conc#1"                       [id=5744, stack(0x0000006de3800000,0x0000006de3900000) (1024K)]
  0x000002185eac10a0 ConcurrentGCThread "G1 Refine#0"               [id=9096, stack(0x0000006de1f00000,0x0000006de2000000) (1024K)]
  0x0000021843940030 ConcurrentGCThread "G1 Service"                [id=10064, stack(0x0000006de2000000,0x0000006de2100000) (1024K)]
Total: 15

Threads with active compile tasks:
Total: 0

VM state: at safepoint (normal execution)

VM Mutex/Monitor currently owned by a thread:  ([mutex/lock_event])
[0x00007ff8c3b0cb80] Threads_lock - owner thread: 0x000002185ebfc7e0
[0x00007ff8c3b0cc80] Heap_lock - owner thread: 0x00000218a632d970

Heap address: 0x00000000c3000000, size: 976 MB, Compressed Oops mode: 32-bit

CDS archive(s) mapped at: [0x000002185f000000-0x000002185fc60000-0x000002185fc60000), size 12976128, SharedBaseAddress: 0x000002185f000000, ArchiveRelocationMode: 1.
Compressed class space mapped at: 0x0000021860000000-0x00000218a0000000, reserved size: 1073741824
Narrow klass base: 0x000002185f000000, Narrow klass shift: 0, Narrow klass range: 0x41000000

GC Precious Log:
 CardTable entry size: 512
 Card Set container configuration: InlinePtr #cards 5 size 8 Array Of Cards #cards 12 size 40 Howl #buckets 4 coarsen threshold 1843 Howl Bitmap #cards 512 size 80 coarsen threshold 460 Card regions per heap region 1 cards per card region 2048
 CPUs: 8 total, 8 available
 Memory: 3899M
 Large Page Support: Disabled
 NUMA Support: Disabled
 Compressed Oops: Enabled (32-bit)
 Heap Region Size: 1M
 Heap Min Capacity: 8M
 Heap Initial Capacity: 62M
 Heap Max Capacity: 976M
 Pre-touch: Disabled
 Parallel Workers: 8
 Concurrent Workers: 2
 Concurrent Refinement Workers: 8
 Periodic GC: Disabled

Heap:
 garbage-first heap   total reserved 999424K, committed 89088K, used 63475K [0x00000000c3000000, 0x0000000100000000)
  region size 1024K, 13 young (13312K), 2 survivors (2048K)
 Metaspace       used 79964K, committed 80896K, reserved 1179648K
  class space    used 10586K, committed 11008K, reserved 1048576K

Heap Regions: E=young(eden), S=young(survivor), O=old, HS=humongous(starts), HC=humongous(continues), CS=collection set, F=free, TAMS=top-at-mark-start, PB=parsable bottom
|   0|0x00000000c3000000, 0x00000000c3100000, 0x00000000c3100000|100%|HS|  |TAMS 0x00000000c3000000| PB 0x00000000c3100000| Complete |  0
|   1|0x00000000c3100000, 0x00000000c3200000, 0x00000000c3200000|100%| O|  |TAMS 0x00000000c3100000| PB 0x00000000c3200000| Untracked |  0
|   2|0x00000000c3200000, 0x00000000c3300000, 0x00000000c3300000|100%| O|  |TAMS 0x00000000c3200000| PB 0x00000000c3300000| Untracked |  0
|   3|0x00000000c3300000, 0x00000000c33ffff8, 0x00000000c3400000| 99%| O|  |TAMS 0x00000000c3300000| PB 0x00000000c33ffff8| Untracked |  0
|   4|0x00000000c3400000, 0x00000000c34fffb0, 0x00000000c3500000| 99%| O|  |TAMS 0x00000000c3400000| PB 0x00000000c34fffb0| Untracked |  0
|   5|0x00000000c3500000, 0x00000000c3600000, 0x00000000c3600000|100%| O|  |TAMS 0x00000000c3500000| PB 0x00000000c3600000| Untracked |  0
|   6|0x00000000c3600000, 0x00000000c36fffa8, 0x00000000c3700000| 99%| O|  |TAMS 0x00000000c3600000| PB 0x00000000c36fffa8| Untracked |  0
|   7|0x00000000c3700000, 0x00000000c37ffff8, 0x00000000c3800000| 99%| O|  |TAMS 0x00000000c3700000| PB 0x00000000c37ffff8| Untracked |  0
|   8|0x00000000c3800000, 0x00000000c3900000, 0x00000000c3900000|100%| O|  |TAMS 0x00000000c3800000| PB 0x00000000c3900000| Untracked |  0
|   9|0x00000000c3900000, 0x00000000c39ffff8, 0x00000000c3a00000| 99%| O|  |TAMS 0x00000000c3900000| PB 0x00000000c39ffff8| Untracked |  0
|  10|0x00000000c3a00000, 0x00000000c3afffc8, 0x00000000c3b00000| 99%| O|  |TAMS 0x00000000c3a00000| PB 0x00000000c3afffc8| Untracked |  0
|  11|0x00000000c3b00000, 0x00000000c3bffff0, 0x00000000c3c00000| 99%| O|  |TAMS 0x00000000c3b00000| PB 0x00000000c3bffff0| Untracked |  0
|  12|0x00000000c3c00000, 0x00000000c3cffff8, 0x00000000c3d00000| 99%| O|  |TAMS 0x00000000c3c00000| PB 0x00000000c3cffff8| Untracked |  0
|  13|0x00000000c3d00000, 0x00000000c3dfffe0, 0x00000000c3e00000| 99%| O|  |TAMS 0x00000000c3d00000| PB 0x00000000c3dfffe0| Untracked |  0
|  14|0x00000000c3e00000, 0x00000000c3effff8, 0x00000000c3f00000| 99%| O|  |TAMS 0x00000000c3e00000| PB 0x00000000c3effff8| Untracked |  0
|  15|0x00000000c3f00000, 0x00000000c3ffffe0, 0x00000000c4000000| 99%| O|  |TAMS 0x00000000c3f00000| PB 0x00000000c3ffffe0| Untracked |  0
|  16|0x00000000c4000000, 0x00000000c40ffff0, 0x00000000c4100000| 99%| O|  |TAMS 0x00000000c4000000| PB 0x00000000c40ffff0| Untracked |  0
|  17|0x00000000c4100000, 0x00000000c41fffd0, 0x00000000c4200000| 99%| O|  |TAMS 0x00000000c4100000| PB 0x00000000c41fffd0| Untracked |  0
|  18|0x00000000c4200000, 0x00000000c4300000, 0x00000000c4300000|100%| O|  |TAMS 0x00000000c4200000| PB 0x00000000c4300000| Untracked |  0
|  19|0x00000000c4300000, 0x00000000c43ffc98, 0x00000000c4400000| 99%| O|  |TAMS 0x00000000c4300000| PB 0x00000000c43ffc98| Untracked |  0
|  20|0x00000000c4400000, 0x00000000c44fffc8, 0x00000000c4500000| 99%| O|  |TAMS 0x00000000c4400000| PB 0x00000000c44fffc8| Untracked |  0
|  21|0x00000000c4500000, 0x00000000c45ffff0, 0x00000000c4600000| 99%| O|  |TAMS 0x00000000c4500000| PB 0x00000000c45ffff0| Untracked |  0
|  22|0x00000000c4600000, 0x00000000c46f32f8, 0x00000000c4700000| 94%| O|  |TAMS 0x00000000c4600000| PB 0x00000000c46f32f8| Untracked |  0
|  23|0x00000000c4700000, 0x00000000c47fffb8, 0x00000000c4800000| 99%| O|  |TAMS 0x00000000c4700000| PB 0x00000000c47fffb8| Untracked |  0
|  24|0x00000000c4800000, 0x00000000c48ffff0, 0x00000000c4900000| 99%| O|  |TAMS 0x00000000c4800000| PB 0x00000000c48ffff0| Untracked |  0
|  25|0x00000000c4900000, 0x00000000c49fffe8, 0x00000000c4a00000| 99%| O|  |TAMS 0x00000000c4900000| PB 0x00000000c49fffe8| Untracked |  0
|  26|0x00000000c4a00000, 0x00000000c4b00000, 0x00000000c4b00000|100%| O|  |TAMS 0x00000000c4a00000| PB 0x00000000c4b00000| Untracked |  0
|  27|0x00000000c4b00000, 0x00000000c4c00000, 0x00000000c4c00000|100%| O|  |TAMS 0x00000000c4b00000| PB 0x00000000c4c00000| Untracked |  0
|  28|0x00000000c4c00000, 0x00000000c4d00000, 0x00000000c4d00000|100%| O|  |TAMS 0x00000000c4c00000| PB 0x00000000c4d00000| Untracked |  0
|  29|0x00000000c4d00000, 0x00000000c4e00000, 0x00000000c4e00000|100%| O|  |TAMS 0x00000000c4d00000| PB 0x00000000c4e00000| Untracked |  0
|  30|0x00000000c4e00000, 0x00000000c4f00000, 0x00000000c4f00000|100%| O|  |TAMS 0x00000000c4e00000| PB 0x00000000c4f00000| Untracked |  0
|  31|0x00000000c4f00000, 0x00000000c5000000, 0x00000000c5000000|100%| O|  |TAMS 0x00000000c4f00000| PB 0x00000000c5000000| Untracked |  0
|  32|0x00000000c5000000, 0x00000000c5100000, 0x00000000c5100000|100%| O|  |TAMS 0x00000000c5000000| PB 0x00000000c5100000| Untracked |  0
|  33|0x00000000c5100000, 0x00000000c5200000, 0x00000000c5200000|100%| O|  |TAMS 0x00000000c5100000| PB 0x00000000c5200000| Untracked |  0
|  34|0x00000000c5200000, 0x00000000c5300000, 0x00000000c5300000|100%| O|  |TAMS 0x00000000c5200000| PB 0x00000000c5300000| Untracked |  0
|  35|0x00000000c5300000, 0x00000000c5400000, 0x00000000c5400000|100%| O|  |TAMS 0x00000000c5300000| PB 0x00000000c5400000| Untracked |  0
|  36|0x00000000c5400000, 0x00000000c5500000, 0x00000000c5500000|100%| O|  |TAMS 0x00000000c5400000| PB 0x00000000c5500000| Untracked |  0
|  37|0x00000000c5500000, 0x00000000c5600000, 0x00000000c5600000|100%| O|  |TAMS 0x00000000c5500000| PB 0x00000000c5600000| Untracked |  0
|  38|0x00000000c5600000, 0x00000000c5700000, 0x00000000c5700000|100%| O|  |TAMS 0x00000000c5600000| PB 0x00000000c5700000| Complete |  0
|  39|0x00000000c5700000, 0x00000000c5800000, 0x00000000c5800000|100%| O|  |TAMS 0x00000000c5700000| PB 0x00000000c5800000| Untracked |  0
|  40|0x00000000c5800000, 0x00000000c5900000, 0x00000000c5900000|100%| O|  |TAMS 0x00000000c5800000| PB 0x00000000c5900000| Untracked |  0
|  41|0x00000000c5900000, 0x00000000c5a00000, 0x00000000c5a00000|100%| O|  |TAMS 0x00000000c5900000| PB 0x00000000c5a00000| Untracked |  0
|  42|0x00000000c5a00000, 0x00000000c5b00000, 0x00000000c5b00000|100%| O|  |TAMS 0x00000000c5a00000| PB 0x00000000c5b00000| Untracked |  0
|  43|0x00000000c5b00000, 0x00000000c5c00000, 0x00000000c5c00000|100%| O|  |TAMS 0x00000000c5b00000| PB 0x00000000c5c00000| Untracked |  0
|  44|0x00000000c5c00000, 0x00000000c5d00000, 0x00000000c5d00000|100%| O|  |TAMS 0x00000000c5c00000| PB 0x00000000c5d00000| Untracked |  0
|  45|0x00000000c5d00000, 0x00000000c5e00000, 0x00000000c5e00000|100%| O|  |TAMS 0x00000000c5d00000| PB 0x00000000c5e00000| Complete |  0
|  46|0x00000000c5e00000, 0x00000000c5f00000, 0x00000000c5f00000|100%| O|  |TAMS 0x00000000c5e00000| PB 0x00000000c5f00000| Untracked |  0
|  47|0x00000000c5f00000, 0x00000000c6000000, 0x00000000c6000000|100%| O|  |TAMS 0x00000000c5f00000| PB 0x00000000c6000000| Untracked |  0
|  48|0x00000000c6000000, 0x00000000c6100000, 0x00000000c6100000|100%| O|  |TAMS 0x00000000c6000000| PB 0x00000000c6100000| Untracked |  0
|  49|0x00000000c6100000, 0x00000000c61b0720, 0x00000000c6200000| 68%| O|  |TAMS 0x00000000c6100000| PB 0x00000000c61b0720| Untracked |  0
|  50|0x00000000c6200000, 0x00000000c6200000, 0x00000000c6300000|  0%| F|  |TAMS 0x00000000c6200000| PB 0x00000000c6200000| Untracked |  0
|  51|0x00000000c6300000, 0x00000000c6300000, 0x00000000c6400000|  0%| F|  |TAMS 0x00000000c6300000| PB 0x00000000c6300000| Untracked |  0
|  52|0x00000000c6400000, 0x00000000c6400000, 0x00000000c6500000|  0%| F|  |TAMS 0x00000000c6400000| PB 0x00000000c6400000| Untracked |  0
|  53|0x00000000c6500000, 0x00000000c6500000, 0x00000000c6600000|  0%| F|  |TAMS 0x00000000c6500000| PB 0x00000000c6500000| Untracked |  0
|  54|0x00000000c6600000, 0x00000000c6600000, 0x00000000c6700000|  0%| F|  |TAMS 0x00000000c6600000| PB 0x00000000c6600000| Untracked |  0
|  55|0x00000000c6700000, 0x00000000c6700000, 0x00000000c6800000|  0%| F|  |TAMS 0x00000000c6700000| PB 0x00000000c6700000| Untracked |  0
|  56|0x00000000c6800000, 0x00000000c6800000, 0x00000000c6900000|  0%| F|  |TAMS 0x00000000c6800000| PB 0x00000000c6800000| Untracked |  0
|  57|0x00000000c6900000, 0x00000000c6984228, 0x00000000c6a00000| 51%| S|  |TAMS 0x00000000c6900000| PB 0x00000000c6984228| Complete |  0
|  58|0x00000000c6a00000, 0x00000000c6b00000, 0x00000000c6b00000|100%| S|  |TAMS 0x00000000c6a00000| PB 0x00000000c6b00000| Complete |  0
|  59|0x00000000c6b00000, 0x00000000c6b00000, 0x00000000c6c00000|  0%| F|  |TAMS 0x00000000c6b00000| PB 0x00000000c6b00000| Untracked |  0
|  60|0x00000000c6c00000, 0x00000000c6c00000, 0x00000000c6d00000|  0%| F|  |TAMS 0x00000000c6c00000| PB 0x00000000c6c00000| Untracked |  0
|  61|0x00000000c6d00000, 0x00000000c6d00000, 0x00000000c6e00000|  0%| F|  |TAMS 0x00000000c6d00000| PB 0x00000000c6d00000| Untracked |  0
|  62|0x00000000c6e00000, 0x00000000c6e00000, 0x00000000c6f00000|  0%| F|  |TAMS 0x00000000c6e00000| PB 0x00000000c6e00000| Untracked |  0
|  63|0x00000000c6f00000, 0x00000000c6f00000, 0x00000000c7000000|  0%| F|  |TAMS 0x00000000c6f00000| PB 0x00000000c6f00000| Untracked |  0
|  64|0x00000000c7000000, 0x00000000c7000000, 0x00000000c7100000|  0%| F|  |TAMS 0x00000000c7000000| PB 0x00000000c7000000| Untracked |  0
|  65|0x00000000c7100000, 0x00000000c7100000, 0x00000000c7200000|  0%| F|  |TAMS 0x00000000c7100000| PB 0x00000000c7100000| Untracked |  0
|  66|0x00000000c7200000, 0x00000000c7200000, 0x00000000c7300000|  0%| F|  |TAMS 0x00000000c7200000| PB 0x00000000c7200000| Untracked |  0
|  67|0x00000000c7300000, 0x00000000c7300000, 0x00000000c7400000|  0%| F|  |TAMS 0x00000000c7300000| PB 0x00000000c7300000| Untracked |  0
|  68|0x00000000c7400000, 0x00000000c7400000, 0x00000000c7500000|  0%| F|  |TAMS 0x00000000c7400000| PB 0x00000000c7400000| Untracked |  0
|  69|0x00000000c7500000, 0x00000000c7500000, 0x00000000c7600000|  0%| F|  |TAMS 0x00000000c7500000| PB 0x00000000c7500000| Untracked |  0
|  70|0x00000000c7600000, 0x00000000c7600000, 0x00000000c7700000|  0%| F|  |TAMS 0x00000000c7600000| PB 0x00000000c7600000| Untracked |  0
|  71|0x00000000c7700000, 0x00000000c7700000, 0x00000000c7800000|  0%| F|  |TAMS 0x00000000c7700000| PB 0x00000000c7700000| Untracked |  0
|  72|0x00000000c7800000, 0x00000000c7800000, 0x00000000c7900000|  0%| F|  |TAMS 0x00000000c7800000| PB 0x00000000c7800000| Untracked |  0
|  73|0x00000000c7900000, 0x00000000c7900000, 0x00000000c7a00000|  0%| F|  |TAMS 0x00000000c7900000| PB 0x00000000c7900000| Untracked |  0
|  74|0x00000000c7a00000, 0x00000000c7a00000, 0x00000000c7b00000|  0%| F|  |TAMS 0x00000000c7a00000| PB 0x00000000c7a00000| Untracked |  0
|  75|0x00000000c7b00000, 0x00000000c7b00000, 0x00000000c7c00000|  0%| F|  |TAMS 0x00000000c7b00000| PB 0x00000000c7b00000| Untracked |  0
|  76|0x00000000c7c00000, 0x00000000c7cd55a8, 0x00000000c7d00000| 83%| E|  |TAMS 0x00000000c7c00000| PB 0x00000000c7cd55a8| Complete |  0
|  77|0x00000000c7d00000, 0x00000000c7e00000, 0x00000000c7e00000|100%| E|  |TAMS 0x00000000c7d00000| PB 0x00000000c7e00000| Complete |  0
|  78|0x00000000c7e00000, 0x00000000c7f00000, 0x00000000c7f00000|100%| E|  |TAMS 0x00000000c7e00000| PB 0x00000000c7f00000| Complete |  0
|  79|0x00000000c7f00000, 0x00000000c8000000, 0x00000000c8000000|100%| E|  |TAMS 0x00000000c7f00000| PB 0x00000000c8000000| Complete |  0
|  80|0x00000000c8000000, 0x00000000c8100000, 0x00000000c8100000|100%| E|  |TAMS 0x00000000c8000000| PB 0x00000000c8100000| Complete |  0
|  81|0x00000000c8100000, 0x00000000c8200000, 0x00000000c8200000|100%| E|  |TAMS 0x00000000c8100000| PB 0x00000000c8200000| Complete |  0
|  82|0x00000000c8200000, 0x00000000c8300000, 0x00000000c8300000|100%| E|  |TAMS 0x00000000c8200000| PB 0x00000000c8300000| Complete |  0
|  83|0x00000000c8300000, 0x00000000c8400000, 0x00000000c8400000|100%| E|  |TAMS 0x00000000c8300000| PB 0x00000000c8400000| Complete |  0
|  84|0x00000000c8400000, 0x00000000c8500000, 0x00000000c8500000|100%| E|  |TAMS 0x00000000c8400000| PB 0x00000000c8500000| Complete |  0
|  85|0x00000000c8500000, 0x00000000c8600000, 0x00000000c8600000|100%| E|  |TAMS 0x00000000c8500000| PB 0x00000000c8600000| Complete |  0
|  86|0x00000000c8600000, 0x00000000c8700000, 0x00000000c8700000|100%| E|  |TAMS 0x00000000c8600000| PB 0x00000000c8700000| Complete |  0

Card table byte_map: [0x000002185b100000,0x000002185b2f0000] _byte_map_base: 0x000002185aae8000

Marking Bits: (CMBitMap*) 0x00000218438dec20
 Bits: [0x000002185b2f0000, 0x000002185c230000)

Polling page: 0x0000021843050000

Metaspace:

Usage:
  Non-class:     67.75 MB used.
      Class:     10.34 MB used.
       Both:     78.09 MB used.

Virtual space:
  Non-class space:      128.00 MB reserved,      68.25 MB ( 53%) committed,  2 nodes.
      Class space:        1.00 GB reserved,      10.75 MB (  1%) committed,  1 nodes.
             Both:        1.12 GB reserved,      79.00 MB (  7%) committed. 

Chunk freelists:
   Non-Class:  11.50 MB
       Class:  5.11 MB
        Both:  16.60 MB

MaxMetaspaceSize: unlimited
CompressedClassSpaceSize: 1.00 GB
Initial GC threshold: 21.00 MB
Current GC threshold: 131.38 MB
CDS: on
 - commit_granule_bytes: 65536.
 - commit_granule_words: 8192.
 - virtual_space_node_default_size: 8388608.
 - enlarge_chunks_in_place: 1.
 - use_allocation_guard: 0.


Internal statistics:

num_allocs_failed_limit: 8.
num_arena_births: 1124.
num_arena_deaths: 6.
num_vsnodes_births: 3.
num_vsnodes_deaths: 0.
num_space_committed: 1264.
num_space_uncommitted: 0.
num_chunks_returned_to_freelist: 14.
num_chunks_taken_from_freelist: 4217.
num_chunk_merges: 3.
num_chunk_splits: 2915.
num_chunks_enlarged: 2180.
num_inconsistent_stats: 0.

CodeHeap 'non-profiled nmethods': size=120000Kb used=6551Kb max_used=6551Kb free=113448Kb
 bounds [0x00000218536b0000, 0x0000021853d20000, 0x000002185abe0000]
CodeHeap 'profiled nmethods': size=120000Kb used=16200Kb max_used=16260Kb free=103799Kb
 bounds [0x000002184bbe0000, 0x000002184cbe0000, 0x0000021853110000]
CodeHeap 'non-nmethods': size=5760Kb used=1734Kb max_used=1815Kb free=4025Kb
 bounds [0x0000021853110000, 0x0000021853380000, 0x00000218536b0000]
 total_blobs=9503 nmethods=8749 adapters=657
 compilation: enabled
              stopped_count=0, restarted_count=0
 full_count=0

Compilation events (20 events):
Event: 364.886 Thread 0x000002185ec27820 13931       3       java.net.NetworkInterface$1::nextElement (37 bytes)
Event: 364.888 Thread 0x000002185ec27820 nmethod 13931 0x000002184bfdbe90 code [0x000002184bfdc040, 0x000002184bfdc290]
Event: 364.902 Thread 0x000002185ec27820 13932       3       sun.nio.ch.Net::isIPv6Available (4 bytes)
Event: 364.902 Thread 0x000002185ec27820 nmethod 13932 0x000002184c0cb810 code [0x000002184c0cb9a0, 0x000002184c0cba90]
Event: 364.938 Thread 0x000002185ec23e20 13933 % !   4       org.springframework.beans.factory.support.DefaultSingletonBeanRegistry::destroyBean @ 257 (346 bytes)
Event: 364.982 Thread 0x000002185ec23e20 nmethod 13933% 0x0000021853d13f90 code [0x0000021853d141a0, 0x0000021853d14b40]
Event: 365.054 Thread 0x000002185ec27820 13934       3       com.zaxxer.hikari.pool.PoolEntry::compareAndSet (10 bytes)
Event: 365.057 Thread 0x000002185ec27820 nmethod 13934 0x000002184c804890 code [0x000002184c804a40, 0x000002184c804ba0]
Event: 365.086 Thread 0x000002185ec27820 13935       3       sun.nio.ch.NioSocketImpl::ensureOpen (35 bytes)
Event: 365.087 Thread 0x000002185ec27820 nmethod 13935 0x000002184c32c810 code [0x000002184c32c9e0, 0x000002184c32ccd0]
Event: 365.097 Thread 0x000002185ec23e20 13936       4       java.util.concurrent.ConcurrentHashMap$BaseIterator::<init> (21 bytes)
Event: 365.110 Thread 0x000002185ec23e20 nmethod 13936 0x0000021853d15190 code [0x0000021853d15340, 0x0000021853d158f8]
Event: 365.118 Thread 0x000002185ec27820 13937       3       org.apache.catalina.mapper.MapperListener::lifecycleEvent (180 bytes)
Event: 365.131 Thread 0x000002185ec27820 nmethod 13937 0x000002184c6b8310 code [0x000002184c6b85e0, 0x000002184c6b9c10]
Event: 365.229 Thread 0x000002185ec27820 13938       3       java.lang.Thread::isAlive (5 bytes)
Event: 365.231 Thread 0x000002185ec27820 nmethod 13938 0x000002184bf3f110 code [0x000002184bf3f2a0, 0x000002184bf3f4e8]
Event: 365.231 Thread 0x000002185ec27820 13939       3       java.lang.Thread::alive (15 bytes)
Event: 365.231 Thread 0x000002185ec27820 nmethod 13939 0x000002184bdb1890 code [0x000002184bdb1a20, 0x000002184bdb1b88]
Event: 365.231 Thread 0x000002185ec27820 13940       1       org.apache.catalina.valves.ValveBase::setContainer (6 bytes)
Event: 365.231 Thread 0x000002185ec27820 nmethod 13940 0x0000021853d15a90 code [0x0000021853d15c20, 0x0000021853d15d30]

GC Heap History (20 events):
Event: 276.257 GC heap after
{Heap after GC invocations=53 (full 5):
 garbage-first heap   total reserved 999424K, committed 73728K, used 38337K [0x00000000c3000000, 0x0000000100000000)
  region size 1024K, 4 young (4096K), 4 survivors (4096K)
 Metaspace       used 78297K, committed 79168K, reserved 1179648K
  class space    used 10483K, committed 10880K, reserved 1048576K
}
Event: 276.741 GC heap before
{Heap before GC invocations=53 (full 5):
 garbage-first heap   total reserved 999424K, committed 73728K, used 60865K [0x00000000c3000000, 0x0000000100000000)
  region size 1024K, 27 young (27648K), 4 survivors (4096K)
 Metaspace       used 78416K, committed 79296K, reserved 1179648K
  class space    used 10489K, committed 10880K, reserved 1048576K
}
Event: 276.748 GC heap after
{Heap after GC invocations=54 (full 5):
 garbage-first heap   total reserved 999424K, committed 73728K, used 40135K [0x00000000c3000000, 0x0000000100000000)
  region size 1024K, 3 young (3072K), 3 survivors (3072K)
 Metaspace       used 78416K, committed 79296K, reserved 1179648K
  class space    used 10489K, committed 10880K, reserved 1048576K
}
Event: 281.276 GC heap before
{Heap before GC invocations=54 (full 5):
 garbage-first heap   total reserved 999424K, committed 73728K, used 61639K [0x00000000c3000000, 0x0000000100000000)
  region size 1024K, 25 young (25600K), 3 survivors (3072K)
 Metaspace       used 78696K, committed 79552K, reserved 1179648K
  class space    used 10504K, committed 10880K, reserved 1048576K
}
Event: 281.282 GC heap after
{Heap after GC invocations=55 (full 5):
 garbage-first heap   total reserved 999424K, committed 73728K, used 41458K [0x00000000c3000000, 0x0000000100000000)
  region size 1024K, 4 young (4096K), 4 survivors (4096K)
 Metaspace       used 78696K, committed 79552K, reserved 1179648K
  class space    used 10504K, committed 10880K, reserved 1048576K
}
Event: 281.819 GC heap before
{Heap before GC invocations=56 (full 5):
 garbage-first heap   total reserved 999424K, committed 73728K, used 61938K [0x00000000c3000000, 0x0000000100000000)
  region size 1024K, 24 young (24576K), 4 survivors (4096K)
 Metaspace       used 78779K, committed 79680K, reserved 1179648K
  class space    used 10511K, committed 10880K, reserved 1048576K
}
Event: 281.826 GC heap after
{Heap after GC invocations=57 (full 5):
 garbage-first heap   total reserved 999424K, committed 73728K, used 42265K [0x00000000c3000000, 0x0000000100000000)
  region size 1024K, 2 young (2048K), 2 survivors (2048K)
 Metaspace       used 78779K, committed 79680K, reserved 1179648K
  class space    used 10511K, committed 10880K, reserved 1048576K
}
Event: 282.327 GC heap before
{Heap before GC invocations=57 (full 5):
 garbage-first heap   total reserved 999424K, committed 73728K, used 63769K [0x00000000c3000000, 0x0000000100000000)
  region size 1024K, 24 young (24576K), 2 survivors (2048K)
 Metaspace       used 78947K, committed 79808K, reserved 1179648K
  class space    used 10519K, committed 10880K, reserved 1048576K
}
Event: 282.335 GC heap after
{Heap after GC invocations=58 (full 5):
 garbage-first heap   total reserved 999424K, committed 89088K, used 43557K [0x00000000c3000000, 0x0000000100000000)
  region size 1024K, 2 young (2048K), 2 survivors (2048K)
 Metaspace       used 78947K, committed 79808K, reserved 1179648K
  class space    used 10519K, committed 10880K, reserved 1048576K
}
Event: 286.401 GC heap before
{Heap before GC invocations=58 (full 5):
 garbage-first heap   total reserved 999424K, committed 89088K, used 79397K [0x00000000c3000000, 0x0000000100000000)
  region size 1024K, 37 young (37888K), 2 survivors (2048K)
 Metaspace       used 79212K, committed 80064K, reserved 1179648K
  class space    used 10534K, committed 10944K, reserved 1048576K
}
Event: 286.408 GC heap after
{Heap after GC invocations=59 (full 5):
 garbage-first heap   total reserved 999424K, committed 89088K, used 45994K [0x00000000c3000000, 0x0000000100000000)
  region size 1024K, 5 young (5120K), 5 survivors (5120K)
 Metaspace       used 79212K, committed 80064K, reserved 1179648K
  class space    used 10534K, committed 10944K, reserved 1048576K
}
Event: 291.681 GC heap before
{Heap before GC invocations=60 (full 5):
 garbage-first heap   total reserved 999424K, committed 89088K, used 75690K [0x00000000c3000000, 0x0000000100000000)
  region size 1024K, 35 young (35840K), 5 survivors (5120K)
 Metaspace       used 79449K, committed 80384K, reserved 1179648K
  class space    used 10550K, committed 10944K, reserved 1048576K
}
Event: 291.691 GC heap after
{Heap after GC invocations=61 (full 5):
 garbage-first heap   total reserved 999424K, committed 89088K, used 46218K [0x00000000c3000000, 0x0000000100000000)
  region size 1024K, 2 young (2048K), 2 survivors (2048K)
 Metaspace       used 79449K, committed 80384K, reserved 1179648K
  class space    used 10550K, committed 10944K, reserved 1048576K
}
Event: 306.892 GC heap before
{Heap before GC invocations=61 (full 5):
 garbage-first heap   total reserved 999424K, committed 89088K, used 80010K [0x00000000c3000000, 0x0000000100000000)
  region size 1024K, 35 young (35840K), 2 survivors (2048K)
 Metaspace       used 79561K, committed 80448K, reserved 1179648K
  class space    used 10558K, committed 10944K, reserved 1048576K
}
Event: 306.903 GC heap after
{Heap after GC invocations=62 (full 5):
 garbage-first heap   total reserved 999424K, committed 89088K, used 48502K [0x00000000c3000000, 0x0000000100000000)
  region size 1024K, 4 young (4096K), 4 survivors (4096K)
 Metaspace       used 79561K, committed 80448K, reserved 1179648K
  class space    used 10558K, committed 10944K, reserved 1048576K
}
Event: 307.886 GC heap before
{Heap before GC invocations=62 (full 5):
 garbage-first heap   total reserved 999424K, committed 89088K, used 79222K [0x00000000c3000000, 0x0000000100000000)
  region size 1024K, 34 young (34816K), 4 survivors (4096K)
 Metaspace       used 79861K, committed 80704K, reserved 1179648K
  class space    used 10578K, committed 10944K, reserved 1048576K
}
Event: 307.903 GC heap after
{Heap after GC invocations=63 (full 5):
 garbage-first heap   total reserved 999424K, committed 89088K, used 51054K [0x00000000c3000000, 0x0000000100000000)
  region size 1024K, 3 young (3072K), 3 survivors (3072K)
 Metaspace       used 79861K, committed 80704K, reserved 1179648K
  class space    used 10578K, committed 10944K, reserved 1048576K
}
Event: 337.475 GC heap before
{Heap before GC invocations=64 (full 5):
 garbage-first heap   total reserved 999424K, committed 89088K, used 79726K [0x00000000c3000000, 0x0000000100000000)
  region size 1024K, 31 young (31744K), 3 survivors (3072K)
 Metaspace       used 79945K, committed 80832K, reserved 1179648K
  class space    used 10586K, committed 11008K, reserved 1048576K
}
Event: 337.481 GC heap after
{Heap after GC invocations=65 (full 5):
 garbage-first heap   total reserved 999424K, committed 89088K, used 52381K [0x00000000c3000000, 0x0000000100000000)
  region size 1024K, 2 young (2048K), 2 survivors (2048K)
 Metaspace       used 79945K, committed 80832K, reserved 1179648K
  class space    used 10586K, committed 11008K, reserved 1048576K
}
Event: 365.232 GC heap before
{Heap before GC invocations=65 (full 5):
 garbage-first heap   total reserved 999424K, committed 89088K, used 62621K [0x00000000c3000000, 0x0000000100000000)
  region size 1024K, 13 young (13312K), 2 survivors (2048K)
 Metaspace       used 79964K, committed 80896K, reserved 1179648K
  class space    used 10586K, committed 11008K, reserved 1048576K
}

Dll operation events (12 events):
Event: 0.025 Loaded shared library C:\Program Files\Java\jdk-22\bin\java.dll
Event: 0.107 Loaded shared library C:\Program Files\Java\jdk-22\bin\jsvml.dll
Event: 0.236 Loaded shared library C:\Program Files\Java\jdk-22\bin\net.dll
Event: 0.239 Loaded shared library C:\Program Files\Java\jdk-22\bin\nio.dll
Event: 0.246 Loaded shared library C:\Program Files\Java\jdk-22\bin\zip.dll
Event: 0.447 Loaded shared library C:\Program Files\Java\jdk-22\bin\jimage.dll
Event: 0.946 Loaded shared library C:\Program Files\Java\jdk-22\bin\management.dll
Event: 0.954 Loaded shared library C:\Program Files\Java\jdk-22\bin\management_ext.dll
Event: 2.057 Loaded shared library C:\Program Files\Java\jdk-22\bin\le.dll
Event: 3.669 Loaded shared library C:\Program Files\Java\jdk-22\bin\sunmscapi.dll
Event: 8.318 Loaded shared library C:\Program Files\Java\jdk-22\bin\verify.dll
Event: 9.114 Loaded shared library C:\Program Files\Java\jdk-22\bin\extnet.dll

Deoptimization events (20 events):
Event: 307.249 Thread 0x00000218a858a610 Uncommon trap: trap_request=0xffffffbe fr.pc=0x0000021853ccae18 relative=0x0000000000002898
Event: 307.250 Thread 0x00000218a858a610 Uncommon trap: reason=profile_predicate action=maybe_recompile pc=0x0000021853ccae18 method=org.postgresql.core.Parser.parseJdbcSql(Ljava/lang/String;ZZZZZ[Ljava/lang/String;)Ljava/util/List; @ 134 c2
Event: 307.250 Thread 0x00000218a858a610 DEOPT PACKING pc=0x0000021853ccae18 sp=0x0000006de3bfd360
Event: 307.250 Thread 0x00000218a858a610 DEOPT UNPACKING pc=0x00000218531646a2 sp=0x0000006de3bfd280 mode 2
Event: 307.504 Thread 0x00000218a8584a30 Uncommon trap: trap_request=0xffffffbe fr.pc=0x0000021853ccae18 relative=0x0000000000002898
Event: 307.504 Thread 0x00000218a8584a30 Uncommon trap: reason=profile_predicate action=maybe_recompile pc=0x0000021853ccae18 method=org.postgresql.core.Parser.parseJdbcSql(Ljava/lang/String;ZZZZZ[Ljava/lang/String;)Ljava/util/List; @ 134 c2
Event: 307.504 Thread 0x00000218a8584a30 DEOPT PACKING pc=0x0000021853ccae18 sp=0x0000006de42fea50
Event: 307.504 Thread 0x00000218a8584a30 DEOPT UNPACKING pc=0x00000218531646a2 sp=0x0000006de42fe970 mode 2
Event: 307.634 Thread 0x00000218a8584a30 Uncommon trap: trap_request=0xffffffbe fr.pc=0x0000021853ccae18 relative=0x0000000000002898
Event: 307.634 Thread 0x00000218a8584a30 Uncommon trap: reason=profile_predicate action=maybe_recompile pc=0x0000021853ccae18 method=org.postgresql.core.Parser.parseJdbcSql(Ljava/lang/String;ZZZZZ[Ljava/lang/String;)Ljava/util/List; @ 134 c2
Event: 307.634 Thread 0x00000218a8584a30 DEOPT PACKING pc=0x0000021853ccae18 sp=0x0000006de42fea50
Event: 307.634 Thread 0x00000218a8584a30 DEOPT UNPACKING pc=0x00000218531646a2 sp=0x0000006de42fe970 mode 2
Event: 307.782 Thread 0x00000218a858a610 Uncommon trap: trap_request=0xffffff45 fr.pc=0x00000218539b5828 relative=0x0000000000001168
Event: 307.782 Thread 0x00000218a858a610 Uncommon trap: reason=unstable_if action=reinterpret pc=0x00000218539b5828 method=java.util.concurrent.ConcurrentHashMap.get(Ljava/lang/Object;)Ljava/lang/Object; @ 99 c2
Event: 307.782 Thread 0x00000218a858a610 DEOPT PACKING pc=0x00000218539b5828 sp=0x0000006de3bfbd60
Event: 307.782 Thread 0x00000218a858a610 DEOPT UNPACKING pc=0x00000218531646a2 sp=0x0000006de3bfbc40 mode 2
Event: 307.803 Thread 0x00000218a8584a30 Uncommon trap: trap_request=0xffffffbe fr.pc=0x0000021853ccae18 relative=0x0000000000002898
Event: 307.803 Thread 0x00000218a8584a30 Uncommon trap: reason=profile_predicate action=maybe_recompile pc=0x0000021853ccae18 method=org.postgresql.core.Parser.parseJdbcSql(Ljava/lang/String;ZZZZZ[Ljava/lang/String;)Ljava/util/List; @ 134 c2
Event: 307.803 Thread 0x00000218a8584a30 DEOPT PACKING pc=0x0000021853ccae18 sp=0x0000006de42fea50
Event: 307.803 Thread 0x00000218a8584a30 DEOPT UNPACKING pc=0x00000218531646a2 sp=0x0000006de42fe970 mode 2

Classes loaded (20 events):
Event: 168.306 Loading class jdk/internal/event/DeserializationEvent
Event: 168.307 Loading class jdk/internal/event/DeserializationEvent done
Event: 168.308 Loading class java/io/ObjectInputStream$FieldValues
Event: 168.308 Loading class java/io/ObjectInputStream$GetField
Event: 168.308 Loading class java/io/ObjectInputStream$GetField done
Event: 168.308 Loading class java/io/ObjectInputStream$FieldValues done
Event: 191.973 Loading class java/time/format/DateTimeFormatterBuilder$ZoneTextPrinterParser
Event: 191.975 Loading class java/time/format/DateTimeFormatterBuilder$ZoneTextPrinterParser done
Event: 191.975 Loading class java/time/format/DateTimeFormatterBuilder$ReducedPrinterParser
Event: 191.976 Loading class java/time/format/DateTimeFormatterBuilder$ReducedPrinterParser done
Event: 191.988 Loading class java/lang/Throwable$WrappedPrintWriter
Event: 191.989 Loading class java/lang/Throwable$PrintStreamOrWriter
Event: 191.989 Loading class java/lang/Throwable$PrintStreamOrWriter done
Event: 191.989 Loading class java/lang/Throwable$WrappedPrintWriter done
Event: 192.338 Loading class java/util/stream/LongStream
Event: 192.345 Loading class java/util/stream/LongStream done
Event: 192.345 Loading class java/util/stream/DoubleStream
Event: 192.346 Loading class java/util/stream/DoubleStream done
Event: 263.367 Loading class java/lang/invoke/MethodHandleImpl$CountingWrapper$1
Event: 263.377 Loading class java/lang/invoke/MethodHandleImpl$CountingWrapper$1 done

Classes unloaded (3 events):
Event: 257.443 Thread 0x000002185ebfc7e0 Unloading class 0x0000021860a38800 'org/apache/catalina/loader/JdbcLeakPrevention'
Event: 261.911 Thread 0x000002185ebfc7e0 Unloading class 0x0000021860a98000 'org/apache/catalina/loader/JdbcLeakPrevention'
Event: 267.290 Thread 0x000002185ebfc7e0 Unloading class 0x0000021860a9ac00 'org/apache/catalina/loader/JdbcLeakPrevention'

Classes redefined (0 events):
No events

Internal exceptions (20 events):
Event: 285.888 Thread 0x00000218a858a610 Exception <a 'sun/nio/fs/WindowsException'{0x00000000c7a50da8}> (0x00000000c7a50da8) 
thrown [s\open\src\hotspot\share\prims\jni.cpp, line 520]
Event: 286.490 Thread 0x00000218a858a610 Exception <a 'java/lang/NoClassDefFoundError'{0x00000000c84980f8}: org/flywaydb/core/Flyway> (0x00000000c84980f8) 
thrown [s\open\src\hotspot\share\oops\constantPool.cpp, line 872]
Event: 286.490 Thread 0x00000218a858a610 Exception <a 'java/lang/NoClassDefFoundError'{0x00000000c8498758}: liquibase/integration/spring/SpringLiquibase> (0x00000000c8498758) 
thrown [s\open\src\hotspot\share\oops\constantPool.cpp, line 872]
Event: 286.496 Thread 0x00000218a858a610 Exception <a 'java/lang/NoClassDefFoundError'{0x00000000c84e4c00}: org/jooq/DSLContext> (0x00000000c84e4c00) 
thrown [s\open\src\hotspot\share\oops\constantPool.cpp, line 872]
Event: 286.497 Thread 0x00000218a858a610 Exception <a 'java/lang/NoClassDefFoundError'{0x00000000c84ec2f0}: org/springframework/batch/core/repository/JobRepository> (0x00000000c84ec2f0) 
thrown [s\open\src\hotspot\share\oops\constantPool.cpp, line 872]
Event: 286.497 Thread 0x00000218a858a610 Exception <a 'java/lang/NoClassDefFoundError'{0x00000000c84ec948}: org/quartz/Scheduler> (0x00000000c84ec948) 
thrown [s\open\src\hotspot\share\oops\constantPool.cpp, line 872]
Event: 286.497 Thread 0x00000218a858a610 Exception <a 'java/lang/NoClassDefFoundError'{0x00000000c84ecfc8}: org/springframework/session/jdbc/JdbcIndexedSessionRepository> (0x00000000c84ecfc8) 
thrown [s\open\src\hotspot\share\oops\constantPool.cpp, line 872]
Event: 286.845 Thread 0x00000218a858a610 Exception <a 'java/io/FileNotFoundException'{0x00000000c7d9dca0}> (0x00000000c7d9dca0) 
thrown [s\open\src\hotspot\share\prims\jni.cpp, line 520]
Event: 287.858 Thread 0x00000218a85843a0 Exception <a 'java/lang/InterruptedException'{0x00000000c6a13390}: sleep interrupted> (0x00000000c6a13390) 
thrown [s\open\src\hotspot\share\prims\jvm.cpp, line 3093]
Event: 287.869 Thread 0x00000218a858a610 Exception <a 'java/lang/NoClassDefFoundError'{0x00000000c6a40cc8}: liquibase/exception/ChangeLogParseException> (0x00000000c6a40cc8) 
thrown [s\open\src\hotspot\share\classfile\systemDictionary.cpp, line 302]
Event: 306.339 Thread 0x00000218a858a610 Exception <a 'sun/nio/fs/WindowsException'{0x00000000c81256a0}> (0x00000000c81256a0) 
thrown [s\open\src\hotspot\share\prims\jni.cpp, line 520]
Event: 306.827 Thread 0x00000218a858a610 Exception <a 'java/lang/NoClassDefFoundError'{0x00000000c6644ca0}: org/flywaydb/core/Flyway> (0x00000000c6644ca0) 
thrown [s\open\src\hotspot\share\oops\constantPool.cpp, line 872]
Event: 306.827 Thread 0x00000218a858a610 Exception <a 'java/lang/NoClassDefFoundError'{0x00000000c6645300}: liquibase/integration/spring/SpringLiquibase> (0x00000000c6645300) 
thrown [s\open\src\hotspot\share\oops\constantPool.cpp, line 872]
Event: 306.833 Thread 0x00000218a858a610 Exception <a 'java/lang/NoClassDefFoundError'{0x00000000c6691c48}: org/jooq/DSLContext> (0x00000000c6691c48) 
thrown [s\open\src\hotspot\share\oops\constantPool.cpp, line 872]
Event: 306.834 Thread 0x00000218a858a610 Exception <a 'java/lang/NoClassDefFoundError'{0x00000000c6699580}: org/springframework/batch/core/repository/JobRepository> (0x00000000c6699580) 
thrown [s\open\src\hotspot\share\oops\constantPool.cpp, line 872]
Event: 306.834 Thread 0x00000218a858a610 Exception <a 'java/lang/NoClassDefFoundError'{0x00000000c6699bd8}: org/quartz/Scheduler> (0x00000000c6699bd8) 
thrown [s\open\src\hotspot\share\oops\constantPool.cpp, line 872]
Event: 306.834 Thread 0x00000218a858a610 Exception <a 'java/lang/NoClassDefFoundError'{0x00000000c669a258}: org/springframework/session/jdbc/JdbcIndexedSessionRepository> (0x00000000c669a258) 
thrown [s\open\src\hotspot\share\oops\constantPool.cpp, line 872]
Event: 306.979 Thread 0x00000218a858a610 Exception <a 'java/io/FileNotFoundException'{0x00000000c8265888}> (0x00000000c8265888) 
thrown [s\open\src\hotspot\share\prims\jni.cpp, line 520]
Event: 308.283 Thread 0x00000218a858a610 Exception <a 'java/net/BindException'{0x00000000c7881218}: Address already in use: bind> (0x00000000c7881218) 
thrown [s\open\src\hotspot\share\prims\jni.cpp, line 539]
Event: 365.229 Thread 0x00000218a8588bd0 Exception <a 'java/lang/InterruptedException'{0x00000000c7cc2ce0}: sleep interrupted> (0x00000000c7cc2ce0) 
thrown [s\open\src\hotspot\share\prims\jvm.cpp, line 3093]

ZGC Phase Switch (0 events):
No events

VM Operations (20 events):
Event: 306.903 Executing VM operation: G1CollectForAllocation (G1 Evacuation Pause) done
Event: 307.886 Executing VM operation: G1CollectForAllocation (G1 Evacuation Pause)
Event: 307.903 Executing VM operation: G1CollectForAllocation (G1 Evacuation Pause) done
Event: 308.027 Executing VM operation: G1PauseRemark
Event: 308.085 Executing VM operation: G1PauseRemark done
Event: 308.124 Executing VM operation: G1PauseCleanup
Event: 308.131 Executing VM operation: G1PauseCleanup done
Event: 309.141 Executing VM operation: Cleanup
Event: 309.141 Executing VM operation: Cleanup done
Event: 337.475 Executing VM operation: G1CollectForAllocation (G1 Evacuation Pause)
Event: 337.481 Executing VM operation: G1CollectForAllocation (G1 Evacuation Pause) done
Event: 347.588 Executing VM operation: Cleanup
Event: 347.588 Executing VM operation: Cleanup done
Event: 357.677 Executing VM operation: Cleanup
Event: 357.678 Executing VM operation: Cleanup done
Event: 360.590 Executing VM operation: HandshakeAllThreads (HandshakeForDeflation)
Event: 360.591 Executing VM operation: HandshakeAllThreads (HandshakeForDeflation) done
Event: 360.591 Executing VM operation: RendezvousGCThreads
Event: 360.591 Executing VM operation: RendezvousGCThreads done
Event: 365.231 Executing VM operation: G1CollectFull (System.gc())

Memory protections (0 events):
No events

Nmethod flushes (20 events):
Event: 308.080 Thread 0x000002185ebfc7e0 flushing  nmethod 0x000002184be2d110
Event: 308.080 Thread 0x000002185ebfc7e0 flushing  nmethod 0x000002184be7a690
Event: 308.080 Thread 0x000002185ebfc7e0 flushing  nmethod 0x000002184bebc810
Event: 308.080 Thread 0x000002185ebfc7e0 flushing  nmethod 0x000002184bf45510
Event: 308.080 Thread 0x000002185ebfc7e0 flushing  nmethod 0x000002184bf72090
Event: 308.080 Thread 0x000002185ebfc7e0 flushing  nmethod 0x000002184bff1490
Event: 308.080 Thread 0x000002185ebfc7e0 flushing  nmethod 0x000002184c027390
Event: 308.080 Thread 0x000002185ebfc7e0 flushing  nmethod 0x000002184c029390
Event: 308.080 Thread 0x000002185ebfc7e0 flushing  nmethod 0x000002184c02aa90
Event: 308.080 Thread 0x000002185ebfc7e0 flushing  nmethod 0x000002184c134990
Event: 308.080 Thread 0x000002185ebfc7e0 flushing  nmethod 0x000002184c138d10
Event: 308.080 Thread 0x000002185ebfc7e0 flushing  nmethod 0x000002184c2c2710
Event: 308.080 Thread 0x000002185ebfc7e0 flushing  nmethod 0x000002184c352810
Event: 308.080 Thread 0x000002185ebfc7e0 flushing  nmethod 0x000002184c373710
Event: 308.080 Thread 0x000002185ebfc7e0 flushing  nmethod 0x000002184c406090
Event: 308.080 Thread 0x000002185ebfc7e0 flushing  nmethod 0x000002184c44c510
Event: 308.080 Thread 0x000002185ebfc7e0 flushing  nmethod 0x000002184c6bfd10
Event: 308.080 Thread 0x000002185ebfc7e0 flushing  nmethod 0x000002184c6c0110
Event: 308.080 Thread 0x000002185ebfc7e0 flushing  nmethod 0x000002184c6cb410
Event: 308.080 Thread 0x000002185ebfc7e0 flushing  nmethod 0x000002184c6ce490

Events (20 events):
Event: 364.740 Thread 0x00000218a8586470 Thread added: 0x00000218a632d970
Event: 364.741 Thread 0x00000218a8586470 Thread exited: 0x00000218a8586470
Event: 364.907 Thread 0x00000218a632b8a0 Thread exited: 0x00000218a632b8a0
Event: 364.911 Thread 0x00000218a632ab80 Thread exited: 0x00000218a632ab80
Event: 364.914 Thread 0x00000218a6499cb0 Thread exited: 0x00000218a6499cb0
Event: 364.914 Thread 0x00000218a8586b00 Thread exited: 0x00000218a8586b00
Event: 364.914 Thread 0x00000218a6498900 Thread exited: 0x00000218a6498900
Event: 364.914 Thread 0x00000218a6497550 Thread exited: 0x00000218a6497550
Event: 364.914 Thread 0x00000218a6499620 Thread exited: 0x00000218a6499620
Event: 364.914 Thread 0x00000218a6497be0 Thread exited: 0x00000218a6497be0
Event: 364.914 Thread 0x00000218a649a340 Thread exited: 0x00000218a649a340
Event: 364.914 Thread 0x00000218a6498f90 Thread exited: 0x00000218a6498f90
Event: 364.914 Thread 0x00000218a6330760 Thread exited: 0x00000218a6330760
Event: 364.914 Thread 0x00000218a6498270 Thread exited: 0x00000218a6498270
Event: 365.053 Thread 0x00000218a632d970 Thread added: 0x00000218a632a4f0
Event: 365.058 Thread 0x00000218a8589260 Thread exited: 0x00000218a8589260
Event: 365.087 Thread 0x00000218a632a4f0 Thread exited: 0x00000218a632a4f0
Event: 365.229 Thread 0x00000218a8589f80 Thread exited: 0x00000218a8589f80
Event: 365.229 Thread 0x00000218a85843a0 Thread exited: 0x00000218a85843a0
Event: 365.230 Thread 0x00000218a8588bd0 Thread exited: 0x00000218a8588bd0


Dynamic libraries:
0x00007ff71f330000 - 0x00007ff71f340000 	C:\Program Files\Java\jdk-22\bin\java.exe
0x00007ff8efff0000 - 0x00007ff8f0207000 	C:\WINDOWS\SYSTEM32\ntdll.dll
0x00007ff8ee820000 - 0x00007ff8ee8e4000 	C:\WINDOWS\System32\KERNEL32.DLL
0x00007ff8ed380000 - 0x00007ff8ed72d000 	C:\WINDOWS\System32\KERNELBASE.dll
0x00007ff8ed9f0000 - 0x00007ff8edb01000 	C:\WINDOWS\System32\ucrtbase.dll
0x00007ff8e04d0000 - 0x00007ff8e04e7000 	C:\Program Files\Java\jdk-22\bin\jli.dll
0x00007ff8ee900000 - 0x00007ff8eeaae000 	C:\WINDOWS\System32\USER32.dll
0x00007ff8ed900000 - 0x00007ff8ed926000 	C:\WINDOWS\System32\win32u.dll
0x00007ff8ef030000 - 0x00007ff8ef059000 	C:\WINDOWS\System32\GDI32.dll
0x00007ff8ed7e0000 - 0x00007ff8ed8f9000 	C:\WINDOWS\System32\gdi32full.dll
0x00007ff8edb10000 - 0x00007ff8edbaa000 	C:\WINDOWS\System32\msvcp_win.dll
0x00007ff8daf40000 - 0x00007ff8daf5b000 	C:\Program Files\Java\jdk-22\bin\VCRUNTIME140.dll
0x00007ff8e26b0000 - 0x00007ff8e2943000 	C:\WINDOWS\WinSxS\amd64_microsoft.windows.common-controls_6595b64144ccf1df_6.0.22621.3672_none_2713b9d173822955\COMCTL32.dll
0x00007ff8eef80000 - 0x00007ff8ef027000 	C:\WINDOWS\System32\msvcrt.dll
0x00007ff8ee0f0000 - 0x00007ff8ee121000 	C:\WINDOWS\System32\IMM32.DLL
0x00007ff8e4ac0000 - 0x00007ff8e4acc000 	C:\Program Files\Java\jdk-22\bin\vcruntime140_1.dll
0x00007ff8daeb0000 - 0x00007ff8daf3e000 	C:\Program Files\Java\jdk-22\bin\msvcp140.dll
0x00007ff8c2ea0000 - 0x00007ff8c3be9000 	C:\Program Files\Java\jdk-22\bin\server\jvm.dll
0x00007ff8eddd0000 - 0x00007ff8ede82000 	C:\WINDOWS\System32\ADVAPI32.dll
0x00007ff8edd20000 - 0x00007ff8eddc9000 	C:\WINDOWS\System32\sechost.dll
0x00007ff8ed7b0000 - 0x00007ff8ed7d8000 	C:\WINDOWS\System32\bcrypt.dll
0x00007ff8eeab0000 - 0x00007ff8eebc4000 	C:\WINDOWS\System32\RPCRT4.dll
0x00007ff8ede90000 - 0x00007ff8edf01000 	C:\WINDOWS\System32\WS2_32.dll
0x00007ff8ed1e0000 - 0x00007ff8ed22d000 	C:\WINDOWS\SYSTEM32\POWRPROF.dll
0x00007ff8e38c0000 - 0x00007ff8e38f4000 	C:\WINDOWS\SYSTEM32\WINMM.dll
0x00007ff8e3500000 - 0x00007ff8e350a000 	C:\WINDOWS\SYSTEM32\VERSION.dll
0x00007ff8ed1c0000 - 0x00007ff8ed1d3000 	C:\WINDOWS\SYSTEM32\UMPDC.dll
0x00007ff8ec360000 - 0x00007ff8ec378000 	C:\WINDOWS\SYSTEM32\kernel.appcore.dll
0x00007ff8e3ed0000 - 0x00007ff8e3eda000 	C:\Program Files\Java\jdk-22\bin\jimage.dll
0x00007ff8e76c0000 - 0x00007ff8e78f2000 	C:\WINDOWS\SYSTEM32\DBGHELP.DLL
0x00007ff8eebd0000 - 0x00007ff8eef5e000 	C:\WINDOWS\System32\combase.dll
0x00007ff8efed0000 - 0x00007ff8effa7000 	C:\WINDOWS\System32\OLEAUT32.dll
0x00007ff8e3510000 - 0x00007ff8e3542000 	C:\WINDOWS\SYSTEM32\dbgcore.DLL
0x00007ff8ed730000 - 0x00007ff8ed7ab000 	C:\WINDOWS\System32\bcryptPrimitives.dll
0x00007ff8dae90000 - 0x00007ff8daeae000 	C:\Program Files\Java\jdk-22\bin\java.dll
0x00007ff8ef660000 - 0x00007ff8efec7000 	C:\WINDOWS\System32\SHELL32.dll
0x00007ff8edf40000 - 0x00007ff8ee0e5000 	C:\WINDOWS\System32\ole32.dll
0x00007ff8eb290000 - 0x00007ff8ebb8f000 	C:\WINDOWS\SYSTEM32\windows.storage.dll
0x00007ff8eb150000 - 0x00007ff8eb28f000 	C:\WINDOWS\SYSTEM32\wintypes.dll
0x00007ff8ef420000 - 0x00007ff8ef519000 	C:\WINDOWS\System32\SHCORE.dll
0x00007ff8ee660000 - 0x00007ff8ee6be000 	C:\WINDOWS\System32\shlwapi.dll
0x00007ff8ed240000 - 0x00007ff8ed267000 	C:\WINDOWS\SYSTEM32\profapi.dll
0x00007ff8dadb0000 - 0x00007ff8dae87000 	C:\Program Files\Java\jdk-22\bin\jsvml.dll
0x00007ff8e1670000 - 0x00007ff8e1680000 	C:\Program Files\Java\jdk-22\bin\net.dll
0x00007ff8ec7d0000 - 0x00007ff8ec839000 	C:\WINDOWS\system32\mswsock.dll
0x00007ff8dad90000 - 0x00007ff8dada6000 	C:\Program Files\Java\jdk-22\bin\nio.dll
0x00007ff8dad70000 - 0x00007ff8dad87000 	C:\Program Files\Java\jdk-22\bin\zip.dll
0x00007ff8e1540000 - 0x00007ff8e154a000 	C:\Program Files\Java\jdk-22\bin\management.dll
0x00007ff8e13f0000 - 0x00007ff8e13fb000 	C:\Program Files\Java\jdk-22\bin\management_ext.dll
0x00007ff8edf10000 - 0x00007ff8edf18000 	C:\WINDOWS\System32\PSAPI.DLL
0x00007ff8e0f60000 - 0x00007ff8e0f6b000 	C:\Program Files\Java\jdk-22\bin\le.dll
0x00007ff8dad60000 - 0x00007ff8dad6e000 	C:\Program Files\Java\jdk-22\bin\sunmscapi.dll
0x00007ff8edbb0000 - 0x00007ff8edd16000 	C:\WINDOWS\System32\CRYPT32.dll
0x00007ff8ecbe0000 - 0x00007ff8ecc0e000 	C:\WINDOWS\SYSTEM32\ncrypt.dll
0x00007ff8ecba0000 - 0x00007ff8ecbd7000 	C:\WINDOWS\SYSTEM32\NTASN1.dll
0x00007ff8eca20000 - 0x00007ff8eca3b000 	C:\WINDOWS\SYSTEM32\CRYPTSP.dll
0x00007ff8ec2c0000 - 0x00007ff8ec2f5000 	C:\WINDOWS\system32\rsaenh.dll
0x00007ff8ec8c0000 - 0x00007ff8ec8e8000 	C:\WINDOWS\SYSTEM32\USERENV.dll
0x00007ff8eca40000 - 0x00007ff8eca4c000 	C:\WINDOWS\SYSTEM32\CRYPTBASE.dll
0x00007ff8ebdf0000 - 0x00007ff8ebe1d000 	C:\WINDOWS\SYSTEM32\IPHLPAPI.DLL
0x00007ff8ee8f0000 - 0x00007ff8ee8f9000 	C:\WINDOWS\System32\NSI.dll
0x00007ff8dad50000 - 0x00007ff8dad60000 	C:\Program Files\Java\jdk-22\bin\verify.dll
0x00007ff8ebe60000 - 0x00007ff8ebf58000 	C:\WINDOWS\SYSTEM32\DNSAPI.dll
0x00007ff8da460000 - 0x00007ff8da46a000 	C:\Windows\System32\rasadhlp.dll
0x00007ff8e3600000 - 0x00007ff8e3683000 	C:\WINDOWS\System32\fwpuclnt.dll
0x00007ff8dad40000 - 0x00007ff8dad49000 	C:\Program Files\Java\jdk-22\bin\extnet.dll
0x00007ff8b5300000 - 0x00007ff8b5308000 	C:\WINDOWS\system32\wshunix.dll

dbghelp: loaded successfully - version: 4.0.5 - missing functions: none
symbol engine: initialized successfully - sym options: 0x614 - pdb path: .;C:\Program Files\Java\jdk-22\bin;C:\WINDOWS\SYSTEM32;C:\WINDOWS\WinSxS\amd64_microsoft.windows.common-controls_6595b64144ccf1df_6.0.22621.3672_none_2713b9d173822955;C:\Program Files\Java\jdk-22\bin\server

VM Arguments:
jvm_args: -XX:+ShowCodeDetailsInExceptionMessages 
java_command: com.contact.ContactManager.ContactManagerApplication
java_class_path (initial): C:\Users\computer care\OneDrive\Documents\springTool\ContactManager\target\classes;C:\Users\computer care\.m2\repository\org\springframework\boot\spring-boot-starter-data-jpa\3.3.3\spring-boot-starter-data-jpa-3.3.3.jar;C:\Users\computer care\.m2\repository\org\springframework\boot\spring-boot-starter-aop\3.3.3\spring-boot-starter-aop-3.3.3.jar;C:\Users\computer care\.m2\repository\org\aspectj\aspectjweaver\1.9.22.1\aspectjweaver-1.9.22.1.jar;C:\Users\computer care\.m2\repository\org\springframework\boot\spring-boot-starter-jdbc\3.3.3\spring-boot-starter-jdbc-3.3.3.jar;C:\Users\computer care\.m2\repository\com\zaxxer\HikariCP\5.1.0\HikariCP-5.1.0.jar;C:\Users\computer care\.m2\repository\org\springframework\spring-jdbc\6.1.12\spring-jdbc-6.1.12.jar;C:\Users\computer care\.m2\repository\org\hibernate\orm\hibernate-core\6.5.2.Final\hibernate-core-6.5.2.Final.jar;C:\Users\computer care\.m2\repository\jakarta\persistence\jakarta.persistence-api\3.1.0\jakarta.persistence-api-3.1.0.jar;C:\Users\computer care\.m2\repository\jakarta\transaction\jakarta.transaction-api\2.0.1\jakarta.transaction-api-2.0.1.jar;C:\Users\computer care\.m2\repository\org\jboss\logging\jboss-logging\3.5.3.Final\jboss-logging-3.5.3.Final.jar;C:\Users\computer care\.m2\repository\org\hibernate\common\hibernate-commons-annotations\6.0.6.Final\hibernate-commons-annotations-6.0.6.Final.jar;C:\Users\computer care\.m2\repository\io\smallrye\jandex\3.1.2\jandex-3.1.2.jar;C:\Users\computer care\.m2\repository\com\fasterxml\classmate\1.7.0\classmate-1.7.0.jar;C:\Users\computer care\.m2\repository\net\bytebuddy\byte-buddy\1.14.19\byte-buddy-1.14.19.jar;C:\Users\computer care\.m2\repository\org\glassfish\jaxb\jaxb-runtime\4.0.5\jaxb-runtime-4.0.5.jar;C:\Users\computer care\.m2\repository\org\glassfish\jaxb\jaxb-core\4.0.5\jaxb-core-4.0.5.jar;C:\Users\computer care\.m2\repository\org\eclipse\angus\angus-activation\2.0.2\angus-activation-2.0.2.jar;C:\Users\computer care\.m2\repository\org\glassfish\jaxb\txw2\4.0.5\txw2-4.0.5.jar;C:\Users\computer care\.m2\repository\com\sun\istack\istack-commons-runtime\4.1.2\istack-commons-runtime-4.1.2.jar;C:\Users\computer care\.m2\repository\jakarta\inject\jakarta.inject-api\2.0.1\jakarta.inject-api-2.0.1.jar;C:\Users\computer care\.m2\repository\org\antlr\antlr4-runtime\4.13.0\antlr4-runtime-4.13.0.jar;C:\Users\computer care\.m2\repository\org\springframework\data\spring-data-jpa\3.3.3\spring-data-jpa-3.3.3.jar;C:\Users\computer care\.m2\repository\org\springframework\data\spring-data-commons\3.3.3\spring-data-commons-3.3.3.jar;C:\Users\computer care\.m2\repository\org\springframework\spring-orm\6.1.12\spring-orm-6.1.12.jar;C:\Users\computer care\.m2\repository\org\springframework\spring-context\6.1.12\spring-context-6.1.12.jar;C:\Users\computer care\.m2\repository\org\springframework\spring-tx\6.1.12\spring-tx-6.1.12.jar;C:\Users\computer care\.m2\repository\org\springframework\spring-beans\6.1.12\spring-beans-6.1.12.jar;C:\Users\computer care\.m2\repository\jakarta\annotation\jakarta.annotation-api\2.1.1\jakarta.annotation-api-2.1.1.jar;C:\Users\computer care\.m2\repository\org\slf4j\slf4j-api\2.0.16\slf4j-api-2.0.16.jar;C:\Users\computer care\.m2\repository\org\springframework\spring-aspects\6.1.12\spring-aspects-6.1.12.jar;C:\Users\computer care\.m2\repository\org\springframework\boot\spring-boot-starter-thymeleaf\3.3.3\spring-boot-starter-thymeleaf-3.3.3.jar;C:\Users\computer care\.m2\repository\org\springframework\boot\spring-boot-starter\3.3.3\spring-boot-starter-3.3.3.jar;C:\Users\computer care\.m2\repository\org\springframework\boot\spring-boot-starter-logging\3.3.3\spring-boot-starter-logging-3.3.3.jar;C:\Users\computer care\.m2\repository\ch\qos\logback\logback-classic\1.5.7\logback-classic-1.5.7.jar;C:\Users\computer care\.m2\repository\ch\qos\logback\logback-core\1.5.7\logback-core-1.5.7.jar;C:\Users\computer care\.m2\repository\org\apache\logging\log4j\log4j-to-slf4j\2.23.1\log4j-to-slf4j-2.23.1.jar;C:\Users\computer care\.m2\repository\org\apache\logging\log4j\log4j-api\2.23.1\log4j-api-2.23.1.jar;C:\Users\computer care\.m2\repository\org\slf4j\jul-to-slf4j\2.0.16\jul-to-slf4j-2.0.16.jar;C:\Users\computer care\.m2\repository\org\yaml\snakeyaml\2.2\snakeyaml-2.2.jar;C:\Users\computer care\.m2\repository\org\thymeleaf\thymeleaf-spring6\3.1.2.RELEASE\thymeleaf-spring6-3.1.2.RELEASE.jar;C:\Users\computer care\.m2\repository\org\thymeleaf\thymeleaf\3.1.2.RELEASE\thymeleaf-3.1.2.RELEASE.jar;C:\Users\computer care\.m2\repository\org\attoparser\attoparser\2.0.7.RELEASE\attoparser-2.0.7.RELEASE.jar;C:\Users\computer care\.m2\repository\org\unbescape\unbescape\1.1.6.RELEASE\unbescape-1.1.6.RELEASE.jar;C:\Users\computer care\.m2\repository\org\springframework\boot\spring-boot-starter-validation\3.3.3\spring-boot-starter-validation-3.3.3.jar;C:\Users\computer care\.m2\repository\org\apache\tomcat\embed\tomcat-embed-el\10.1.28\tomcat-embed-el-10.1.28.jar;C:\Users\computer care\.m2\repository\org\hibernate\validator\hibernate-validator\8.0.1.Final\hibernate-validator-8.0.1.Final.jar;C:\Users\computer care\.m2\repository\jakarta\validation\jakarta.validation-api\3.0.2\jakarta.validation-api-3.0.2.jar;C:\Users\computer care\.m2\repository\org\springframework\boot\spring-boot-starter-web\3.3.3\spring-boot-starter-web-3.3.3.jar;C:\Users\computer care\.m2\repository\org\springframework\boot\spring-boot-starter-json\3.3.3\spring-boot-starter-json-3.3.3.jar;C:\Users\computer care\.m2\repository\com\fasterxml\jackson\core\jackson-databind\2.17.2\jackson-databind-2.17.2.jar;C:\Users\computer care\.m2\repository\com\fasterxml\jackson\core\jackson-annotations\2.17.2\jackson-annotations-2.17.2.jar;C:\Users\computer care\.m2\repository\com\fasterxml\jackson\core\jackson-core\2.17.2\jackson-core-2.17.2.jar;C:\Users\computer care\.m2\repository\com\fasterxml\jackson\datatype\jackson-datatype-jdk8\2.17.2\jackson-datatype-jdk8-2.17.2.jar;C:\Users\computer care\.m2\repository\com\fasterxml\jackson\datatype\jackson-datatype-jsr310\2.17.2\jackson-datatype-jsr310-2.17.2.jar;C:\Users\computer care\.m2\repository\com\fasterxml\jackson\module\jackson-module-parameter-names\2.17.2\jackson-module-parameter-names-2.17.2.jar;C:\Users\computer care\.m2\repository\org\springframework\boot\spring-boot-starter-tomcat\3.3.3\spring-boot-starter-tomcat-3.3.3.jar;C:\Users\computer care\.m2\repository\org\apache\tomcat\embed\tomcat-embed-core\10.1.28\tomcat-embed-core-10.1.28.jar;C:\Users\computer care\.m2\repository\org\apache\tomcat\embed\tomcat-embed-websocket\10.1.28\tomcat-embed-websocket-10.1.28.jar;C:\Users\computer care\.m2\repository\org\springframework\spring-web\6.1.12\spring-web-6.1.12.jar;C:\Users\computer care\.m2\repository\io\micrometer\micrometer-observation\1.13.3\micrometer-observation-1.13.3.jar;C:\Users\computer care\.m2\repository\io\micrometer\micrometer-commons\1.13.3\micrometer-commons-1.13.3.jar;C:\Users\computer care\.m2\repository\org\springframework\spring-webmvc\6.1.12\spring-webmvc-6.1.12.jar;C:\Users\computer care\.m2\repository\org\springframework\spring-expression\6.1.12\spring-expression-6.1.12.jar;C:\Users\computer care\.m2\repository\org\springframework\boot\spring-boot-starter-security\3.3.3\spring-boot-starter-security-3.3.3.jar;C:\Users\computer care\.m2\repository\org\springframework\spring-aop\6.1.12\spring-aop-6.1.12.jar;C:\Users\computer care\.m2\repository\org\springframework\security\spring-security-config\6.3.3\spring-security-config-6.3.3.jar;C:\Users\computer care\.m2\repository\org\springframework\security\spring-security-core\6.3.3\spring-security-core-6.3.3.jar;C:\Users\computer care\.m2\repository\org\springframework\security\spring-security-crypto\6.3.3\spring-security-crypto-6.3.3.jar;C:\Users\computer care\.m2\repository\org\springframework\security\spring-security-web\6.3.3\spring-security-web-6.3.3.jar;C:\Users\computer care\.m2\repository\org\springframework\boot\spring-boot-devtools\3.3.3\spring-boot-devtools-3.3.3.jar;C:\Users\computer care\.m2\repository\org\springframework\boot\spring-boot\3.3.3\spring-boot-3.3.3.jar;C:\Users\computer care\.m2\repository\org\springframework\boot\spring-boot-autoconfigure\3.3.3\spring-boot-autoconfigure-3.3.3.jar;C:\Users\computer care\.m2\repository\org\postgresql\postgresql\42.7.3\postgresql-42.7.3.jar;C:\Users\computer care\.m2\repository\org\checkerframework\checker-qual\3.42.0\checker-qual-3.42.0.jar;C:\Users\computer care\.m2\repository\org\projectlombok\lombok\1.18.34\lombok-1.18.34.jar;C:\Users\computer care\.m2\repository\jakarta\xml\bind\jakarta.xml.bind-api\4.0.2\jakarta.xml.bind-api-4.0.2.jar;C:\Users\computer care\.m2\repository\jakarta\activation\jakarta.activation-api\2.1.3\jakarta.activation-api-2.1.3.jar;C:\Users\computer care\.m2\repository\org\springframework\spring-core\6.1.12\spring-core-6.1.12.jar;C:\Users\computer care\.m2\repository\org\springframework\spring-jcl\6.1.12\spring-jcl-6.1.12.jar
Launcher Type: SUN_STANDARD

[Global flags]
     intx CICompilerCount                          = 4                                         {product} {ergonomic}
     uint ConcGCThreads                            = 2                                         {product} {ergonomic}
     uint G1ConcRefinementThreads                  = 8                                         {product} {ergonomic}
   size_t G1HeapRegionSize                         = 1048576                                   {product} {ergonomic}
   size_t InitialHeapSize                          = 65011712                                  {product} {ergonomic}
   size_t MarkStackSize                            = 4194304                                   {product} {ergonomic}
   size_t MaxHeapSize                              = 1023410176                                {product} {ergonomic}
   size_t MaxNewSize                               = 613416960                                 {product} {ergonomic}
   size_t MinHeapDeltaBytes                        = 1048576                                   {product} {ergonomic}
   size_t MinHeapSize                              = 8388608                                   {product} {ergonomic}
    uintx NonNMethodCodeHeapSize                   = 5839372                                {pd product} {ergonomic}
    uintx NonProfiledCodeHeapSize                  = 122909434                              {pd product} {ergonomic}
    uintx ProfiledCodeHeapSize                     = 122909434                              {pd product} {ergonomic}
    uintx ReservedCodeCacheSize                    = 251658240                              {pd product} {ergonomic}
     bool SegmentedCodeCache                       = true                                      {product} {ergonomic}
     bool ShowCodeDetailsInExceptionMessages       = true                                   {manageable} {command line}
   size_t SoftMaxHeapSize                          = 1023410176                             {manageable} {ergonomic}
     bool UseCompressedOops                        = true                           {product lp64_product} {ergonomic}
     bool UseG1GC                                  = true                                      {product} {ergonomic}
     bool UseLargePagesIndividualAllocation        = false                                  {pd product} {ergonomic}

Logging:
Log output configuration:
 #0: stdout all=warning uptime,level,tags foldmultilines=false
 #1: stderr all=off uptime,level,tags foldmultilines=false

Environment Variables:
PATH=C:\Program Files\Common Files\Oracle\Java\javapath;C:\WINDOWS\system32;C:\WINDOWS;C:\WINDOWS\System32\Wbem;C:\WINDOWS\System32\WindowsPowerShell\v1.0\;C:\WINDOWS\System32\OpenSSH\;C:\Program Files (x86)\Microsoft SQL Server\160\DTS\Binn\;C:\Program Files\Azure Data Studio\bin;C:\Program Files\nodejs\;C:\cygwin64\bin;C:\Program Files\dotnet\;C:\Program Files\Git\cmd;C:\Users\computer care\AppData\Local\Programs\Python\Python312\Scripts\;C:\Users\computer care\AppData\Local\Programs\Python\Python312\;C:\Users\computer care\AppData\Local\Programs\Python\Launcher\;C:\Program Files\MySQL\MySQL Shell 8.0\bin\;C:\Users\computer care\AppData\Local\Microsoft\WindowsApps;C:\Users\computer care\AppData\Local\Programs\Microsoft VS Code\bin;C:\Program Files\Azure Data Studio\bin;C:\Users\computer care\AppData\Roaming\npm;C:\Users\computer care\Desktop\jdk-20\bin;C:\cygwin64\bin;;C:\Program Files\JetBrains\IntelliJ IDEA 2024.2.0.1\bin;;C:\Program Files\JetBrains\IntelliJ IDEA Community Edition 2024.2.0.1\bin;
USERNAME=computer care
LANG=en_US.UTF-8
OS=Windows_NT
PROCESSOR_IDENTIFIER=Intel64 Family 6 Model 142 Stepping 12, GenuineIntel
TMP=C:\Users\COMPUT~1\AppData\Local\Temp
TEMP=C:\Users\COMPUT~1\AppData\Local\Temp




Periodic native trim disabled

---------------  S Y S T E M  ---------------

OS:
 Windows 11 , 64 bit Build 22621 (10.0.22621.3958)
OS uptime: 0 days 14:20 hours

CPU: total 8 (initial active 8) (4 cores per cpu, 2 threads per core) family 6 model 142 stepping 12 microcode 0xea, cx8, cmov, fxsr, ht, mmx, 3dnowpref, sse, sse2, sse3, ssse3, sse4.1, sse4.2, popcnt, lzcnt, tsc, tscinvbit, avx, avx2, aes, erms, clmul, bmi1, bmi2, adx, fma, vzeroupper, clflush, clflushopt, rdtscp, f16c
Processor Information for processor 0
  Max Mhz: 2112, Current Mhz: 1508, Mhz Limit: 1605
Processor Information for processor 1
  Max Mhz: 2112, Current Mhz: 1609, Mhz Limit: 1605
Processor Information for processor 2
  Max Mhz: 2112, Current Mhz: 1508, Mhz Limit: 1605
Processor Information for processor 3
  Max Mhz: 2112, Current Mhz: 1609, Mhz Limit: 1605
Processor Information for processor 4
  Max Mhz: 2112, Current Mhz: 1508, Mhz Limit: 1605
Processor Information for processor 5
  Max Mhz: 2112, Current Mhz: 1508, Mhz Limit: 1605
Processor Information for processor 6
  Max Mhz: 2112, Current Mhz: 1508, Mhz Limit: 1605
Processor Information for processor 7
  Max Mhz: 2112, Current Mhz: 1508, Mhz Limit: 1605

Memory: 4k page, system-wide physical 3899M (307M free)
TotalPageFile size 15675M (AvailPageFile size 5596M)
current process WorkingSet (physical memory assigned to process): 96M, peak: 279M
current process commit charge ("private bytes"): 338M, peak: 348M

vm_info: Java HotSpot(TM) 64-Bit Server VM (22.0.2+9-70) for windows-amd64 JRE (22.0.2+9-70), built on 2024-06-04T16:52:23Z by "mach5one" with MS VC++ 17.6 (VS2022)

END.
